Using pre-set license
Built from '2021.1/staging' branch; Version is '2021.1.7f1 (d91830b65d9b) revision 14227504'; Using compiler version '192528614'; Build Type 'Release'
OS: 'Windows 10 Pro; OS build 19043.1415; Version 2009; 64bit' Language: 'fr' Physical Memory: 24469 MB
BatchMode: 1, IsHumanControllingUs: 0, StartBugReporterOnCrash: 0, Is64bit: 1, IsPro: 0

 COMMAND LINE ARGUMENTS:
E:\Unity\UnityProjects\2021.1.7f1\Editor\Unity.exe
-adb2
-batchMode
-noUpm
-name
AssetImportWorker0
-projectPath
E:/Unity/GitHub/FurryOctoTelegram
-logFile
Logs/AssetImportWorker0.log
-srvPort
58303
Successfully changed project path to: E:/Unity/GitHub/FurryOctoTelegram
E:/Unity/GitHub/FurryOctoTelegram
Using Asset Import Pipeline V2.
Refreshing native plugins compatible for Editor in 176.55 ms, found 2 plugins.
Preloading 0 native plugins for Editor in 0.00 ms.
Initialize engine version: 2021.1.7f1 (d91830b65d9b)
[Subsystems] Discovering subsystems at path E:/Unity/UnityProjects/2021.1.7f1/Editor/Data/Resources/UnitySubsystems
[Subsystems] Discovering subsystems at path E:/Unity/GitHub/FurryOctoTelegram/Assets
GfxDevice: creating device client; threaded=0; jobified=0
Direct3D:
    Version:  Direct3D 11.0 [level 11.1]
    Renderer: Radeon RX 580 Series (ID=0x67df)
    Vendor:   ATI
    VRAM:     8171 MB
    Driver:   27.20.1034.6
Initialize mono
Mono path[0] = 'E:/Unity/UnityProjects/2021.1.7f1/Editor/Data/Managed'
Mono path[1] = 'E:/Unity/UnityProjects/2021.1.7f1/Editor/Data/MonoBleedingEdge/lib/mono/unityjit'
Mono config path = 'E:/Unity/UnityProjects/2021.1.7f1/Editor/Data/MonoBleedingEdge/etc'
Using monoOptions --debugger-agent=transport=dt_socket,embedding=1,server=y,suspend=n,address=127.0.0.1:56652
Begin MonoManager ReloadAssembly
Registering precompiled unity dll's ...
Register platform support module: E:/Unity/UnityProjects/2021.1.7f1/Editor/Data/PlaybackEngines/WindowsStandaloneSupport/UnityEditor.WindowsStandalone.Extensions.dll
Registered in 0.001851 seconds.
Native extension for WindowsStandalone target not found
Refreshing native plugins compatible for Editor in 196.12 ms, found 2 plugins.
Preloading 0 native plugins for Editor in 0.00 ms.
Mono: successfully reloaded assembly
- Completed reload, in  2.099 seconds
Platform modules already initialized, skipping
Registering precompiled user dll's ...
Registered in 0.003855 seconds.
Begin MonoManager ReloadAssembly
Symbol file LoadedFromMemory doesn't match image E:\Unity\GitHub\FurryOctoTelegram\Library\PackageCache\com.unity.visualscripting@1.6.1\Editor\VisualScripting.Core\Dependencies\YamlDotNet\Unity.VisualScripting.YamlDotNet.dll
Symbol file LoadedFromMemory doesn't match image E:\Unity\GitHub\FurryOctoTelegram\Library\PackageCache\com.unity.visualscripting@1.6.1\Editor\VisualScripting.Core\Dependencies\DotNetZip\Unity.VisualScripting.IonicZip.dll
Native extension for WindowsStandalone target not found
Refreshing native plugins compatible for Editor in 228.81 ms, found 2 plugins.
Preloading 0 native plugins for Editor in 0.00 ms.
Mono: successfully reloaded assembly
- Completed reload, in  2.457 seconds
Platform modules already initialized, skipping
========================================================================
Worker process is ready to serve import requests
Launched and connected shader compiler UnityShaderCompiler.exe after 0.07 seconds
Refreshing native plugins compatible for Editor in 0.97 ms, found 2 plugins.
Preloading 0 native plugins for Editor in 0.00 ms.
Unloading 3375 Unused Serialized files (Serialized files now loaded: 0)
System memory in use before: 128.1 MB.
System memory in use after: 128.2 MB.

Unloading 25 unused Assets to reduce memory usage. Loaded Objects now: 3832.
Total: 3.984600 ms (FindLiveObjects: 0.661400 ms CreateObjectMapping: 0.202400 ms MarkObjects: 2.987000 ms  DeleteObjects: 0.131800 ms)

========================================================================
Received Import Request.
  path: Assets/Scripts/Character.cs
  artifactKey: Guid(340f1f36bd5739d40af9b4dcf51066cc) Importer(815301076,1909f56bfc062723c751e8b465ee728b)
Start importing Assets/Scripts/Character.cs using Guid(340f1f36bd5739d40af9b4dcf51066cc) Importer(815301076,1909f56bfc062723c751e8b465ee728b)  -> (artifact id: '0508e103c342c1168ff960e4ba9e84df') in 0.045450 seconds 
========================================================================
Received Prepare
Registering precompiled user dll's ...
Registered in 0.003765 seconds.
Begin MonoManager ReloadAssembly
Symbol file LoadedFromMemory doesn't match image E:\Unity\GitHub\FurryOctoTelegram\Library\PackageCache\com.unity.visualscripting@1.6.1\Editor\VisualScripting.Core\Dependencies\YamlDotNet\Unity.VisualScripting.YamlDotNet.dll
Symbol file LoadedFromMemory doesn't match image E:\Unity\GitHub\FurryOctoTelegram\Library\PackageCache\com.unity.visualscripting@1.6.1\Editor\VisualScripting.Core\Dependencies\DotNetZip\Unity.VisualScripting.IonicZip.dll
Native extension for WindowsStandalone target not found
Refreshing native plugins compatible for Editor in 0.99 ms, found 2 plugins.
Preloading 0 native plugins for Editor in 0.00 ms.
Mono: successfully reloaded assembly
- Completed reload, in  1.997 seconds
Platform modules already initialized, skipping
Refreshing native plugins compatible for Editor in 1.05 ms, found 2 plugins.
Preloading 0 native plugins for Editor in 0.00 ms.
Unloading 3367 Unused Serialized files (Serialized files now loaded: 0)
System memory in use before: 127.8 MB.
System memory in use after: 127.9 MB.

Unloading 13 unused Assets to reduce memory usage. Loaded Objects now: 3836.
Total: 3.702700 ms (FindLiveObjects: 0.481500 ms CreateObjectMapping: 0.203000 ms MarkObjects: 2.927200 ms  DeleteObjects: 0.089400 ms)

========================================================================
Received Prepare
Registering precompiled user dll's ...
Registered in 0.004025 seconds.
Begin MonoManager ReloadAssembly
Symbol file LoadedFromMemory doesn't match image E:\Unity\GitHub\FurryOctoTelegram\Library\PackageCache\com.unity.visualscripting@1.6.1\Editor\VisualScripting.Core\Dependencies\YamlDotNet\Unity.VisualScripting.YamlDotNet.dll
Symbol file LoadedFromMemory doesn't match image E:\Unity\GitHub\FurryOctoTelegram\Library\PackageCache\com.unity.visualscripting@1.6.1\Editor\VisualScripting.Core\Dependencies\DotNetZip\Unity.VisualScripting.IonicZip.dll
Native extension for WindowsStandalone target not found
Refreshing native plugins compatible for Editor in 2.09 ms, found 2 plugins.
Preloading 0 native plugins for Editor in 0.00 ms.
Mono: successfully reloaded assembly
- Completed reload, in  1.972 seconds
Platform modules already initialized, skipping
Refreshing native plugins compatible for Editor in 0.96 ms, found 2 plugins.
Preloading 0 native plugins for Editor in 0.00 ms.
Unloading 3367 Unused Serialized files (Serialized files now loaded: 0)
System memory in use before: 127.8 MB.
System memory in use after: 128.0 MB.

Unloading 13 unused Assets to reduce memory usage. Loaded Objects now: 3840.
Total: 4.795600 ms (FindLiveObjects: 0.487900 ms CreateObjectMapping: 0.194400 ms MarkObjects: 4.003100 ms  DeleteObjects: 0.108200 ms)

========================================================================
Received Prepare
Registering precompiled user dll's ...
Registered in 0.004008 seconds.
Begin MonoManager ReloadAssembly
Symbol file LoadedFromMemory doesn't match image E:\Unity\GitHub\FurryOctoTelegram\Library\PackageCache\com.unity.visualscripting@1.6.1\Editor\VisualScripting.Core\Dependencies\YamlDotNet\Unity.VisualScripting.YamlDotNet.dll
Symbol file LoadedFromMemory doesn't match image E:\Unity\GitHub\FurryOctoTelegram\Library\PackageCache\com.unity.visualscripting@1.6.1\Editor\VisualScripting.Core\Dependencies\DotNetZip\Unity.VisualScripting.IonicZip.dll
Native extension for WindowsStandalone target not found
Refreshing native plugins compatible for Editor in 1.00 ms, found 2 plugins.
Preloading 0 native plugins for Editor in 0.00 ms.
Mono: successfully reloaded assembly
- Completed reload, in  1.721 seconds
Platform modules already initialized, skipping
Refreshing native plugins compatible for Editor in 1.00 ms, found 2 plugins.
Preloading 0 native plugins for Editor in 0.00 ms.
Unloading 3367 Unused Serialized files (Serialized files now loaded: 0)
System memory in use before: 127.9 MB.
System memory in use after: 128.0 MB.

Unloading 13 unused Assets to reduce memory usage. Loaded Objects now: 3844.
Total: 4.976400 ms (FindLiveObjects: 0.516100 ms CreateObjectMapping: 0.192900 ms MarkObjects: 4.165200 ms  DeleteObjects: 0.100500 ms)

========================================================================
Received Prepare
Registering precompiled user dll's ...
Registered in 0.003420 seconds.
Begin MonoManager ReloadAssembly
Symbol file LoadedFromMemory doesn't match image E:\Unity\GitHub\FurryOctoTelegram\Library\PackageCache\com.unity.visualscripting@1.6.1\Editor\VisualScripting.Core\Dependencies\YamlDotNet\Unity.VisualScripting.YamlDotNet.dll
Symbol file LoadedFromMemory doesn't match image E:\Unity\GitHub\FurryOctoTelegram\Library\PackageCache\com.unity.visualscripting@1.6.1\Editor\VisualScripting.Core\Dependencies\DotNetZip\Unity.VisualScripting.IonicZip.dll
Native extension for WindowsStandalone target not found
Refreshing native plugins compatible for Editor in 1.19 ms, found 2 plugins.
Preloading 0 native plugins for Editor in 0.00 ms.
Mono: successfully reloaded assembly
- Completed reload, in  1.705 seconds
Platform modules already initialized, skipping
Refreshing native plugins compatible for Editor in 0.95 ms, found 2 plugins.
Preloading 0 native plugins for Editor in 0.00 ms.
Unloading 3367 Unused Serialized files (Serialized files now loaded: 0)
System memory in use before: 127.9 MB.
System memory in use after: 128.1 MB.

Unloading 13 unused Assets to reduce memory usage. Loaded Objects now: 3848.
Total: 3.805400 ms (FindLiveObjects: 0.474100 ms CreateObjectMapping: 0.196400 ms MarkObjects: 3.039800 ms  DeleteObjects: 0.093300 ms)

========================================================================
Received Prepare
Registering precompiled user dll's ...
Registered in 0.003733 seconds.
Begin MonoManager ReloadAssembly
Symbol file LoadedFromMemory doesn't match image E:\Unity\GitHub\FurryOctoTelegram\Library\PackageCache\com.unity.visualscripting@1.6.1\Editor\VisualScripting.Core\Dependencies\YamlDotNet\Unity.VisualScripting.YamlDotNet.dll
Symbol file LoadedFromMemory doesn't match image E:\Unity\GitHub\FurryOctoTelegram\Library\PackageCache\com.unity.visualscripting@1.6.1\Editor\VisualScripting.Core\Dependencies\DotNetZip\Unity.VisualScripting.IonicZip.dll
Native extension for WindowsStandalone target not found
Refreshing native plugins compatible for Editor in 1.00 ms, found 2 plugins.
Preloading 0 native plugins for Editor in 0.00 ms.
Mono: successfully reloaded assembly
- Completed reload, in  1.726 seconds
Platform modules already initialized, skipping
Refreshing native plugins compatible for Editor in 0.95 ms, found 2 plugins.
Preloading 0 native plugins for Editor in 0.00 ms.
Unloading 3367 Unused Serialized files (Serialized files now loaded: 0)
System memory in use before: 127.9 MB.
System memory in use after: 128.1 MB.

Unloading 13 unused Assets to reduce memory usage. Loaded Objects now: 3852.
Total: 3.589400 ms (FindLiveObjects: 0.490800 ms CreateObjectMapping: 0.202100 ms MarkObjects: 2.804500 ms  DeleteObjects: 0.090600 ms)

========================================================================
Received Prepare
Registering precompiled user dll's ...
Registered in 0.004767 seconds.
Begin MonoManager ReloadAssembly
Symbol file LoadedFromMemory doesn't match image E:\Unity\GitHub\FurryOctoTelegram\Library\PackageCache\com.unity.visualscripting@1.6.1\Editor\VisualScripting.Core\Dependencies\YamlDotNet\Unity.VisualScripting.YamlDotNet.dll
Symbol file LoadedFromMemory doesn't match image E:\Unity\GitHub\FurryOctoTelegram\Library\PackageCache\com.unity.visualscripting@1.6.1\Editor\VisualScripting.Core\Dependencies\DotNetZip\Unity.VisualScripting.IonicZip.dll
Native extension for WindowsStandalone target not found
Refreshing native plugins compatible for Editor in 0.97 ms, found 2 plugins.
Preloading 0 native plugins for Editor in 0.00 ms.
Mono: successfully reloaded assembly
- Completed reload, in  1.734 seconds
Platform modules already initialized, skipping
Refreshing native plugins compatible for Editor in 1.08 ms, found 2 plugins.
Preloading 0 native plugins for Editor in 0.00 ms.
Unloading 3367 Unused Serialized files (Serialized files now loaded: 0)
System memory in use before: 127.9 MB.
System memory in use after: 128.1 MB.

Unloading 13 unused Assets to reduce memory usage. Loaded Objects now: 3856.
Total: 3.704700 ms (FindLiveObjects: 0.480800 ms CreateObjectMapping: 0.204600 ms MarkObjects: 2.916400 ms  DeleteObjects: 0.101200 ms)

========================================================================
Received Prepare
Registering precompiled user dll's ...
Registered in 0.003439 seconds.
Begin MonoManager ReloadAssembly
Symbol file LoadedFromMemory doesn't match image E:\Unity\GitHub\FurryOctoTelegram\Library\PackageCache\com.unity.visualscripting@1.6.1\Editor\VisualScripting.Core\Dependencies\YamlDotNet\Unity.VisualScripting.YamlDotNet.dll
Symbol file LoadedFromMemory doesn't match image E:\Unity\GitHub\FurryOctoTelegram\Library\PackageCache\com.unity.visualscripting@1.6.1\Editor\VisualScripting.Core\Dependencies\DotNetZip\Unity.VisualScripting.IonicZip.dll
Native extension for WindowsStandalone target not found
Refreshing native plugins compatible for Editor in 1.02 ms, found 2 plugins.
Preloading 0 native plugins for Editor in 0.00 ms.
Mono: successfully reloaded assembly
- Completed reload, in  1.692 seconds
Platform modules already initialized, skipping
Refreshing native plugins compatible for Editor in 1.11 ms, found 2 plugins.
Preloading 0 native plugins for Editor in 0.00 ms.
Unloading 3367 Unused Serialized files (Serialized files now loaded: 0)
System memory in use before: 127.9 MB.
System memory in use after: 128.1 MB.

Unloading 13 unused Assets to reduce memory usage. Loaded Objects now: 3860.
Total: 4.425800 ms (FindLiveObjects: 0.481900 ms CreateObjectMapping: 0.202800 ms MarkObjects: 3.643400 ms  DeleteObjects: 0.096200 ms)

========================================================================
Received Prepare
Registering precompiled user dll's ...
Registered in 0.003968 seconds.
Begin MonoManager ReloadAssembly
Symbol file LoadedFromMemory doesn't match image E:\Unity\GitHub\FurryOctoTelegram\Library\PackageCache\com.unity.visualscripting@1.6.1\Editor\VisualScripting.Core\Dependencies\YamlDotNet\Unity.VisualScripting.YamlDotNet.dll
Symbol file LoadedFromMemory doesn't match image E:\Unity\GitHub\FurryOctoTelegram\Library\PackageCache\com.unity.visualscripting@1.6.1\Editor\VisualScripting.Core\Dependencies\DotNetZip\Unity.VisualScripting.IonicZip.dll
Native extension for WindowsStandalone target not found
Refreshing native plugins compatible for Editor in 0.96 ms, found 2 plugins.
Preloading 0 native plugins for Editor in 0.00 ms.
Mono: successfully reloaded assembly
- Completed reload, in  1.740 seconds
Platform modules already initialized, skipping
Refreshing native plugins compatible for Editor in 1.12 ms, found 2 plugins.
Preloading 0 native plugins for Editor in 0.00 ms.
Unloading 3367 Unused Serialized files (Serialized files now loaded: 0)
System memory in use before: 127.9 MB.
System memory in use after: 128.1 MB.

Unloading 13 unused Assets to reduce memory usage. Loaded Objects now: 3864.
Total: 4.478000 ms (FindLiveObjects: 0.525600 ms CreateObjectMapping: 0.208900 ms MarkObjects: 3.641000 ms  DeleteObjects: 0.100500 ms)

========================================================================
Received Prepare
Registering precompiled user dll's ...
Registered in 0.003808 seconds.
Begin MonoManager ReloadAssembly
Symbol file LoadedFromMemory doesn't match image E:\Unity\GitHub\FurryOctoTelegram\Library\PackageCache\com.unity.visualscripting@1.6.1\Editor\VisualScripting.Core\Dependencies\YamlDotNet\Unity.VisualScripting.YamlDotNet.dll
Symbol file LoadedFromMemory doesn't match image E:\Unity\GitHub\FurryOctoTelegram\Library\PackageCache\com.unity.visualscripting@1.6.1\Editor\VisualScripting.Core\Dependencies\DotNetZip\Unity.VisualScripting.IonicZip.dll
Native extension for WindowsStandalone target not found
Refreshing native plugins compatible for Editor in 1.02 ms, found 2 plugins.
Preloading 0 native plugins for Editor in 0.00 ms.
Mono: successfully reloaded assembly
- Completed reload, in  1.752 seconds
Platform modules already initialized, skipping
Refreshing native plugins compatible for Editor in 2.35 ms, found 2 plugins.
Preloading 0 native plugins for Editor in 0.00 ms.
Unloading 3367 Unused Serialized files (Serialized files now loaded: 0)
System memory in use before: 127.9 MB.
System memory in use after: 128.1 MB.

Unloading 13 unused Assets to reduce memory usage. Loaded Objects now: 3868.
Total: 4.455300 ms (FindLiveObjects: 0.589500 ms CreateObjectMapping: 0.219200 ms MarkObjects: 3.541200 ms  DeleteObjects: 0.103400 ms)

========================================================================
Received Import Request.
  Time since last request: 1081.582004 seconds.
  path: Assets/Prefabs/Cape.prefab
  artifactKey: Guid(7b11b8556534ed54396728c07a0ef579) Importer(815301076,1909f56bfc062723c751e8b465ee728b)
Start importing Assets/Prefabs/Cape.prefab using Guid(7b11b8556534ed54396728c07a0ef579) Importer(815301076,1909f56bfc062723c751e8b465ee728b)  -> (artifact id: '379aea336972bb9fd51799fb1127c6d1') in 0.164805 seconds 
========================================================================
Received Prepare
Registering precompiled user dll's ...
Registered in 0.003828 seconds.
Begin MonoManager ReloadAssembly
Symbol file LoadedFromMemory doesn't match image E:\Unity\GitHub\FurryOctoTelegram\Library\PackageCache\com.unity.visualscripting@1.6.1\Editor\VisualScripting.Core\Dependencies\YamlDotNet\Unity.VisualScripting.YamlDotNet.dll
Symbol file LoadedFromMemory doesn't match image E:\Unity\GitHub\FurryOctoTelegram\Library\PackageCache\com.unity.visualscripting@1.6.1\Editor\VisualScripting.Core\Dependencies\DotNetZip\Unity.VisualScripting.IonicZip.dll
Native extension for WindowsStandalone target not found
Refreshing native plugins compatible for Editor in 1.07 ms, found 2 plugins.
Preloading 0 native plugins for Editor in 0.00 ms.
Mono: successfully reloaded assembly
- Completed reload, in  1.653 seconds
Platform modules already initialized, skipping
Refreshing native plugins compatible for Editor in 1.23 ms, found 2 plugins.
Preloading 0 native plugins for Editor in 0.00 ms.
Unloading 3367 Unused Serialized files (Serialized files now loaded: 0)
System memory in use before: 131.6 MB.
System memory in use after: 131.8 MB.

Unloading 13 unused Assets to reduce memory usage. Loaded Objects now: 3879.
Total: 4.040800 ms (FindLiveObjects: 0.504400 ms CreateObjectMapping: 0.190100 ms MarkObjects: 3.236100 ms  DeleteObjects: 0.108000 ms)

========================================================================
Received Import Request.
  Time since last request: 80.522865 seconds.
  path: Assets/Scripts/Entity
  artifactKey: Guid(942d0ffa8ff00974994a926ac644eb84) Importer(815301076,1909f56bfc062723c751e8b465ee728b)
Start importing Assets/Scripts/Entity using Guid(942d0ffa8ff00974994a926ac644eb84) Importer(815301076,1909f56bfc062723c751e8b465ee728b)  -> (artifact id: '6ea6b68d8b8fa50d2a6f2af0549a0d8c') in 0.018805 seconds 
========================================================================
Received Import Request.
  Time since last request: 0.937778 seconds.
  path: Assets/Scripts/Character.cs
  artifactKey: Guid(340f1f36bd5739d40af9b4dcf51066cc) Importer(815301076,1909f56bfc062723c751e8b465ee728b)
Start importing Assets/Scripts/Character.cs using Guid(340f1f36bd5739d40af9b4dcf51066cc) Importer(815301076,1909f56bfc062723c751e8b465ee728b)  -> (artifact id: '74dd9d6fef74111080c66fda88ce29a1') in 0.012856 seconds 
========================================================================
Received Import Request.
  Time since last request: 0.355607 seconds.
  path: Assets/Scripts/CharacterController.cs
  artifactKey: Guid(25ce82984b36a0a49a071883463c9b10) Importer(815301076,1909f56bfc062723c751e8b465ee728b)
Start importing Assets/Scripts/CharacterController.cs using Guid(25ce82984b36a0a49a071883463c9b10) Importer(815301076,1909f56bfc062723c751e8b465ee728b)  -> (artifact id: '7d1e3e06b181ab7a81ba52c36078c747') in 0.014963 seconds 
========================================================================
Received Import Request.
  Time since last request: 1.832537 seconds.
  path: Assets/Scripts/Entity.cs
  artifactKey: Guid(1ec411296db912a458d9a42617f9b01c) Importer(815301076,1909f56bfc062723c751e8b465ee728b)
Start importing Assets/Scripts/Entity.cs using Guid(1ec411296db912a458d9a42617f9b01c) Importer(815301076,1909f56bfc062723c751e8b465ee728b)  -> (artifact id: '6aeb82714189158634ff5fe81a9d9a4c') in 0.005581 seconds 
========================================================================
Received Prepare
Registering precompiled user dll's ...
Registered in 0.004666 seconds.
Begin MonoManager ReloadAssembly
Symbol file LoadedFromMemory doesn't match image E:\Unity\GitHub\FurryOctoTelegram\Library\PackageCache\com.unity.visualscripting@1.6.1\Editor\VisualScripting.Core\Dependencies\YamlDotNet\Unity.VisualScripting.YamlDotNet.dll
Symbol file LoadedFromMemory doesn't match image E:\Unity\GitHub\FurryOctoTelegram\Library\PackageCache\com.unity.visualscripting@1.6.1\Editor\VisualScripting.Core\Dependencies\DotNetZip\Unity.VisualScripting.IonicZip.dll
Native extension for WindowsStandalone target not found
Refreshing native plugins compatible for Editor in 0.99 ms, found 2 plugins.
Preloading 0 native plugins for Editor in 0.00 ms.
Mono: successfully reloaded assembly
- Completed reload, in  1.809 seconds
Platform modules already initialized, skipping
Refreshing native plugins compatible for Editor in 1.10 ms, found 2 plugins.
Preloading 0 native plugins for Editor in 0.00 ms.
Unloading 3367 Unused Serialized files (Serialized files now loaded: 0)
System memory in use before: 131.6 MB.
System memory in use after: 131.8 MB.

Unloading 13 unused Assets to reduce memory usage. Loaded Objects now: 3883.
Total: 4.322600 ms (FindLiveObjects: 0.498600 ms CreateObjectMapping: 0.250300 ms MarkObjects: 3.472600 ms  DeleteObjects: 0.099400 ms)

========================================================================
Received Import Request.
  Time since last request: 31.301365 seconds.
  path: Assets/Scripts/SpawnManager.cs
  artifactKey: Guid(da6e9037129b5bb45b6ab1765a56ae0f) Importer(815301076,1909f56bfc062723c751e8b465ee728b)
Start importing Assets/Scripts/SpawnManager.cs using Guid(da6e9037129b5bb45b6ab1765a56ae0f) Importer(815301076,1909f56bfc062723c751e8b465ee728b)  -> (artifact id: 'b7e14543c8b983162128f33ef413ccf5') in 0.021072 seconds 
========================================================================
Received Import Request.
  Time since last request: 18.787413 seconds.
  path: Assets/Scripts/Bullet.cs
  artifactKey: Guid(4c97f7ea9144f68498c8b4f54be7841f) Importer(815301076,1909f56bfc062723c751e8b465ee728b)
Start importing Assets/Scripts/Bullet.cs using Guid(4c97f7ea9144f68498c8b4f54be7841f) Importer(815301076,1909f56bfc062723c751e8b465ee728b)  -> (artifact id: '76ac4e08cc9eafabd30520ce214a78cf') in 0.018799 seconds 
========================================================================
Received Prepare
Registering precompiled user dll's ...
Registered in 0.003428 seconds.
Begin MonoManager ReloadAssembly
Symbol file LoadedFromMemory doesn't match image E:\Unity\GitHub\FurryOctoTelegram\Library\PackageCache\com.unity.visualscripting@1.6.1\Editor\VisualScripting.Core\Dependencies\YamlDotNet\Unity.VisualScripting.YamlDotNet.dll
Symbol file LoadedFromMemory doesn't match image E:\Unity\GitHub\FurryOctoTelegram\Library\PackageCache\com.unity.visualscripting@1.6.1\Editor\VisualScripting.Core\Dependencies\DotNetZip\Unity.VisualScripting.IonicZip.dll
Native extension for WindowsStandalone target not found
Refreshing native plugins compatible for Editor in 1.06 ms, found 2 plugins.
Preloading 0 native plugins for Editor in 0.00 ms.
Mono: successfully reloaded assembly
- Completed reload, in  1.724 seconds
Platform modules already initialized, skipping
Refreshing native plugins compatible for Editor in 1.03 ms, found 2 plugins.
Preloading 0 native plugins for Editor in 0.00 ms.
Unloading 3368 Unused Serialized files (Serialized files now loaded: 0)
System memory in use before: 131.6 MB.
System memory in use after: 131.8 MB.

Unloading 13 unused Assets to reduce memory usage. Loaded Objects now: 3888.
Total: 4.726200 ms (FindLiveObjects: 0.524300 ms CreateObjectMapping: 0.193200 ms MarkObjects: 3.906300 ms  DeleteObjects: 0.099900 ms)

========================================================================
Received Prepare
Registering precompiled user dll's ...
Registered in 0.003667 seconds.
Begin MonoManager ReloadAssembly
Symbol file LoadedFromMemory doesn't match image E:\Unity\GitHub\FurryOctoTelegram\Library\PackageCache\com.unity.visualscripting@1.6.1\Editor\VisualScripting.Core\Dependencies\YamlDotNet\Unity.VisualScripting.YamlDotNet.dll
Symbol file LoadedFromMemory doesn't match image E:\Unity\GitHub\FurryOctoTelegram\Library\PackageCache\com.unity.visualscripting@1.6.1\Editor\VisualScripting.Core\Dependencies\DotNetZip\Unity.VisualScripting.IonicZip.dll
Native extension for WindowsStandalone target not found
Refreshing native plugins compatible for Editor in 0.97 ms, found 2 plugins.
Preloading 0 native plugins for Editor in 0.00 ms.
Mono: successfully reloaded assembly
- Completed reload, in  1.680 seconds
Platform modules already initialized, skipping
Refreshing native plugins compatible for Editor in 1.14 ms, found 2 plugins.
Preloading 0 native plugins for Editor in 0.00 ms.
Unloading 3368 Unused Serialized files (Serialized files now loaded: 0)
System memory in use before: 131.6 MB.
System memory in use after: 131.8 MB.

Unloading 13 unused Assets to reduce memory usage. Loaded Objects now: 3892.
Total: 4.384600 ms (FindLiveObjects: 0.610100 ms CreateObjectMapping: 0.199300 ms MarkObjects: 3.472000 ms  DeleteObjects: 0.101300 ms)

========================================================================
Received Import Request.
  Time since last request: 44.178796 seconds.
  path: Assets/Scripts/Bullet.cs
  artifactKey: Guid(4c97f7ea9144f68498c8b4f54be7841f) Importer(815301076,1909f56bfc062723c751e8b465ee728b)
Start importing Assets/Scripts/Bullet.cs using Guid(4c97f7ea9144f68498c8b4f54be7841f) Importer(815301076,1909f56bfc062723c751e8b465ee728b)  -> (artifact id: 'b2146f256ddf486050960102549bf692') in 0.008846 seconds 
========================================================================
Received Import Request.
  Time since last request: 42.649755 seconds.
  path: Assets/Scripts/GameManager.cs
  artifactKey: Guid(1539c5c3cb0d346418e62dca9c652ef7) Importer(815301076,1909f56bfc062723c751e8b465ee728b)
Start importing Assets/Scripts/GameManager.cs using Guid(1539c5c3cb0d346418e62dca9c652ef7) Importer(815301076,1909f56bfc062723c751e8b465ee728b)  -> (artifact id: '5c748d99cefbfcd80872a0bf64dc6b3d') in 0.011315 seconds 
========================================================================
Received Prepare
Registering precompiled user dll's ...
Registered in 0.004210 seconds.
Begin MonoManager ReloadAssembly
Symbol file LoadedFromMemory doesn't match image E:\Unity\GitHub\FurryOctoTelegram\Library\PackageCache\com.unity.visualscripting@1.6.1\Editor\VisualScripting.Core\Dependencies\YamlDotNet\Unity.VisualScripting.YamlDotNet.dll
Symbol file LoadedFromMemory doesn't match image E:\Unity\GitHub\FurryOctoTelegram\Library\PackageCache\com.unity.visualscripting@1.6.1\Editor\VisualScripting.Core\Dependencies\DotNetZip\Unity.VisualScripting.IonicZip.dll
Native extension for WindowsStandalone target not found
Refreshing native plugins compatible for Editor in 1.09 ms, found 2 plugins.
Preloading 0 native plugins for Editor in 0.00 ms.
Mono: successfully reloaded assembly
- Completed reload, in  1.643 seconds
Platform modules already initialized, skipping
Refreshing native plugins compatible for Editor in 1.15 ms, found 2 plugins.
Preloading 0 native plugins for Editor in 0.00 ms.
Unloading 3369 Unused Serialized files (Serialized files now loaded: 0)
System memory in use before: 131.7 MB.
System memory in use after: 131.8 MB.

Unloading 13 unused Assets to reduce memory usage. Loaded Objects now: 3897.
Total: 4.128600 ms (FindLiveObjects: 0.511400 ms CreateObjectMapping: 0.205000 ms MarkObjects: 3.170500 ms  DeleteObjects: 0.239900 ms)

========================================================================
Received Import Request.
  Time since last request: 209.100522 seconds.
  path: Assets/Scripts/GameManager.cs
  artifactKey: Guid(1539c5c3cb0d346418e62dca9c652ef7) Importer(815301076,1909f56bfc062723c751e8b465ee728b)
Start importing Assets/Scripts/GameManager.cs using Guid(1539c5c3cb0d346418e62dca9c652ef7) Importer(815301076,1909f56bfc062723c751e8b465ee728b)  -> (artifact id: 'e1a8018a34d7f082159aa9863e6d6474') in 0.011627 seconds 
========================================================================
Received Prepare
Registering precompiled user dll's ...
Registered in 0.079475 seconds.
Begin MonoManager ReloadAssembly
Symbol file LoadedFromMemory doesn't match image E:\Unity\GitHub\FurryOctoTelegram\Library\PackageCache\com.unity.visualscripting@1.6.1\Editor\VisualScripting.Core\Dependencies\YamlDotNet\Unity.VisualScripting.YamlDotNet.dll
Symbol file LoadedFromMemory doesn't match image E:\Unity\GitHub\FurryOctoTelegram\Library\PackageCache\com.unity.visualscripting@1.6.1\Editor\VisualScripting.Core\Dependencies\DotNetZip\Unity.VisualScripting.IonicZip.dll
Native extension for WindowsStandalone target not found
Refreshing native plugins compatible for Editor in 0.96 ms, found 2 plugins.
Preloading 0 native plugins for Editor in 0.00 ms.
Mono: successfully reloaded assembly
- Completed reload, in  1.958 seconds
Platform modules already initialized, skipping
Refreshing native plugins compatible for Editor in 0.95 ms, found 2 plugins.
Preloading 0 native plugins for Editor in 0.00 ms.
Unloading 3369 Unused Serialized files (Serialized files now loaded: 0)
System memory in use before: 131.7 MB.
System memory in use after: 131.8 MB.

Unloading 13 unused Assets to reduce memory usage. Loaded Objects now: 3901.
Total: 3.753100 ms (FindLiveObjects: 0.460400 ms CreateObjectMapping: 0.195000 ms MarkObjects: 3.009600 ms  DeleteObjects: 0.086500 ms)

========================================================================
Received Import Request.
  Time since last request: 456.040180 seconds.
  path: Assets/Scripts/Entity/Entity.cs
  artifactKey: Guid(1ec411296db912a458d9a42617f9b01c) Importer(815301076,1909f56bfc062723c751e8b465ee728b)
Start importing Assets/Scripts/Entity/Entity.cs using Guid(1ec411296db912a458d9a42617f9b01c) Importer(815301076,1909f56bfc062723c751e8b465ee728b)  -> (artifact id: '95e417f25ceac5b075f42bd362fe586f') in 0.018647 seconds 
========================================================================
Received Import Request.
  Time since last request: 102.330641 seconds.
  path: Assets/Prefabs/Bullet.prefab
  artifactKey: Guid(eaa912af8376fef4e946010ee0b0c662) Importer(815301076,1909f56bfc062723c751e8b465ee728b)
Start importing Assets/Prefabs/Bullet.prefab using Guid(eaa912af8376fef4e946010ee0b0c662) Importer(815301076,1909f56bfc062723c751e8b465ee728b)  -> (artifact id: 'a0563d84d0b12657f5e0d196b5c5bdbd') in 0.097513 seconds 
========================================================================
Received Import Request.
  Time since last request: 4.523235 seconds.
  path: Assets/Prefabs/Bullet.prefab
  artifactKey: Guid(eaa912af8376fef4e946010ee0b0c662) Importer(815301076,1909f56bfc062723c751e8b465ee728b)
Start importing Assets/Prefabs/Bullet.prefab using Guid(eaa912af8376fef4e946010ee0b0c662) Importer(815301076,1909f56bfc062723c751e8b465ee728b)  -> (artifact id: '87870f857d1839354438930b718995ea') in 0.021907 seconds 
========================================================================
Received Import Request.
  Time since last request: 2.382092 seconds.
  path: Assets/Prefabs/Bullet.prefab
  artifactKey: Guid(eaa912af8376fef4e946010ee0b0c662) Importer(815301076,1909f56bfc062723c751e8b465ee728b)
Start importing Assets/Prefabs/Bullet.prefab using Guid(eaa912af8376fef4e946010ee0b0c662) Importer(815301076,1909f56bfc062723c751e8b465ee728b)  -> (artifact id: '2113b5aefe2c6fb085b6969e1e711ba2') in 0.022035 seconds 
========================================================================
Received Import Request.
  Time since last request: 4.225845 seconds.
  path: Assets/Prefabs/Bullet.prefab
  artifactKey: Guid(eaa912af8376fef4e946010ee0b0c662) Importer(815301076,1909f56bfc062723c751e8b465ee728b)
Start importing Assets/Prefabs/Bullet.prefab using Guid(eaa912af8376fef4e946010ee0b0c662) Importer(815301076,1909f56bfc062723c751e8b465ee728b)  -> (artifact id: '3bd604a0a78dac70c89ec183c1fa3e7f') in 0.017454 seconds 
========================================================================
Received Import Request.
  Time since last request: 5.490278 seconds.
  path: Assets/Prefabs/Bullet.prefab
  artifactKey: Guid(eaa912af8376fef4e946010ee0b0c662) Importer(815301076,1909f56bfc062723c751e8b465ee728b)
Start importing Assets/Prefabs/Bullet.prefab using Guid(eaa912af8376fef4e946010ee0b0c662) Importer(815301076,1909f56bfc062723c751e8b465ee728b)  -> (artifact id: '65005728db009d2c727026fdf5b4b766') in 0.011350 seconds 
========================================================================
Received Import Request.
  Time since last request: 5.419348 seconds.
  path: Assets/Prefabs/Bullet.prefab
  artifactKey: Guid(eaa912af8376fef4e946010ee0b0c662) Importer(815301076,1909f56bfc062723c751e8b465ee728b)
Start importing Assets/Prefabs/Bullet.prefab using Guid(eaa912af8376fef4e946010ee0b0c662) Importer(815301076,1909f56bfc062723c751e8b465ee728b)  -> (artifact id: '13261a326b4b9e9f0d08bcf8af4f8999') in 0.011602 seconds 
========================================================================
Received Import Request.
  Time since last request: 63.963198 seconds.
  path: Assets/Prefabs/Bullet.prefab
  artifactKey: Guid(eaa912af8376fef4e946010ee0b0c662) Importer(815301076,1909f56bfc062723c751e8b465ee728b)
Start importing Assets/Prefabs/Bullet.prefab using Guid(eaa912af8376fef4e946010ee0b0c662) Importer(815301076,1909f56bfc062723c751e8b465ee728b)  -> (artifact id: '31ac385eb3ea46c4f214dd76e6ea3941') in 0.011325 seconds 
========================================================================
Received Import Request.
  Time since last request: 45.633736 seconds.
  path: Assets/Prefabs/Bullet.prefab
  artifactKey: Guid(eaa912af8376fef4e946010ee0b0c662) Importer(815301076,1909f56bfc062723c751e8b465ee728b)
Start importing Assets/Prefabs/Bullet.prefab using Guid(eaa912af8376fef4e946010ee0b0c662) Importer(815301076,1909f56bfc062723c751e8b465ee728b)  -> (artifact id: 'c55acaf51373c946034bb30e74e72eec') in 0.012951 seconds 
========================================================================
Received Import Request.
  Time since last request: 1.168403 seconds.
  path: Assets/Prefabs/Bullet.prefab
  artifactKey: Guid(eaa912af8376fef4e946010ee0b0c662) Importer(815301076,1909f56bfc062723c751e8b465ee728b)
Start importing Assets/Prefabs/Bullet.prefab using Guid(eaa912af8376fef4e946010ee0b0c662) Importer(815301076,1909f56bfc062723c751e8b465ee728b)  -> (artifact id: '7fdf07bf2b5c3e8825097b0734d2c12f') in 0.012613 seconds 
========================================================================
Received Prepare
Registering precompiled user dll's ...
Registered in 0.003549 seconds.
Begin MonoManager ReloadAssembly
Symbol file LoadedFromMemory doesn't match image E:\Unity\GitHub\FurryOctoTelegram\Library\PackageCache\com.unity.visualscripting@1.6.1\Editor\VisualScripting.Core\Dependencies\YamlDotNet\Unity.VisualScripting.YamlDotNet.dll
Symbol file LoadedFromMemory doesn't match image E:\Unity\GitHub\FurryOctoTelegram\Library\PackageCache\com.unity.visualscripting@1.6.1\Editor\VisualScripting.Core\Dependencies\DotNetZip\Unity.VisualScripting.IonicZip.dll
Native extension for WindowsStandalone target not found
Refreshing native plugins compatible for Editor in 1.00 ms, found 2 plugins.
Preloading 0 native plugins for Editor in 0.00 ms.
Mono: successfully reloaded assembly
- Completed reload, in  1.705 seconds
Platform modules already initialized, skipping
Refreshing native plugins compatible for Editor in 0.99 ms, found 2 plugins.
Preloading 0 native plugins for Editor in 0.00 ms.
Unloading 3369 Unused Serialized files (Serialized files now loaded: 0)
System memory in use before: 131.7 MB.
System memory in use after: 131.9 MB.

Unloading 13 unused Assets to reduce memory usage. Loaded Objects now: 3906.
Total: 5.035900 ms (FindLiveObjects: 0.501100 ms CreateObjectMapping: 0.205400 ms MarkObjects: 4.086800 ms  DeleteObjects: 0.240500 ms)

========================================================================
Received Prepare
Registering precompiled user dll's ...
Registered in 0.003385 seconds.
Begin MonoManager ReloadAssembly
Symbol file LoadedFromMemory doesn't match image E:\Unity\GitHub\FurryOctoTelegram\Library\PackageCache\com.unity.visualscripting@1.6.1\Editor\VisualScripting.Core\Dependencies\YamlDotNet\Unity.VisualScripting.YamlDotNet.dll
Symbol file LoadedFromMemory doesn't match image E:\Unity\GitHub\FurryOctoTelegram\Library\PackageCache\com.unity.visualscripting@1.6.1\Editor\VisualScripting.Core\Dependencies\DotNetZip\Unity.VisualScripting.IonicZip.dll
Native extension for WindowsStandalone target not found
Refreshing native plugins compatible for Editor in 0.97 ms, found 2 plugins.
Preloading 0 native plugins for Editor in 0.00 ms.
Mono: successfully reloaded assembly
- Completed reload, in  1.671 seconds
Platform modules already initialized, skipping
Refreshing native plugins compatible for Editor in 1.10 ms, found 2 plugins.
Preloading 0 native plugins for Editor in 0.00 ms.
Unloading 3369 Unused Serialized files (Serialized files now loaded: 0)
System memory in use before: 131.7 MB.
System memory in use after: 131.9 MB.

Unloading 13 unused Assets to reduce memory usage. Loaded Objects now: 3910.
Total: 5.098000 ms (FindLiveObjects: 0.501700 ms CreateObjectMapping: 0.303700 ms MarkObjects: 4.199500 ms  DeleteObjects: 0.091200 ms)

========================================================================
Received Prepare
Registering precompiled user dll's ...
Registered in 0.004327 seconds.
Begin MonoManager ReloadAssembly
Symbol file LoadedFromMemory doesn't match image E:\Unity\GitHub\FurryOctoTelegram\Library\PackageCache\com.unity.visualscripting@1.6.1\Editor\VisualScripting.Core\Dependencies\YamlDotNet\Unity.VisualScripting.YamlDotNet.dll
Symbol file LoadedFromMemory doesn't match image E:\Unity\GitHub\FurryOctoTelegram\Library\PackageCache\com.unity.visualscripting@1.6.1\Editor\VisualScripting.Core\Dependencies\DotNetZip\Unity.VisualScripting.IonicZip.dll
Native extension for WindowsStandalone target not found
Refreshing native plugins compatible for Editor in 0.97 ms, found 2 plugins.
Preloading 0 native plugins for Editor in 0.00 ms.
Mono: successfully reloaded assembly
- Completed reload, in  1.672 seconds
Platform modules already initialized, skipping
Refreshing native plugins compatible for Editor in 0.97 ms, found 2 plugins.
Preloading 0 native plugins for Editor in 0.00 ms.
Unloading 3369 Unused Serialized files (Serialized files now loaded: 0)
System memory in use before: 131.7 MB.
System memory in use after: 131.9 MB.

Unloading 13 unused Assets to reduce memory usage. Loaded Objects now: 3914.
Total: 3.744600 ms (FindLiveObjects: 0.482000 ms CreateObjectMapping: 0.194100 ms MarkObjects: 2.980200 ms  DeleteObjects: 0.086000 ms)

========================================================================
Received Prepare
Registering precompiled user dll's ...
Registered in 0.003395 seconds.
Begin MonoManager ReloadAssembly
Symbol file LoadedFromMemory doesn't match image E:\Unity\GitHub\FurryOctoTelegram\Library\PackageCache\com.unity.visualscripting@1.6.1\Editor\VisualScripting.Core\Dependencies\YamlDotNet\Unity.VisualScripting.YamlDotNet.dll
Symbol file LoadedFromMemory doesn't match image E:\Unity\GitHub\FurryOctoTelegram\Library\PackageCache\com.unity.visualscripting@1.6.1\Editor\VisualScripting.Core\Dependencies\DotNetZip\Unity.VisualScripting.IonicZip.dll
Native extension for WindowsStandalone target not found
Refreshing native plugins compatible for Editor in 1.01 ms, found 2 plugins.
Preloading 0 native plugins for Editor in 0.00 ms.
Mono: successfully reloaded assembly
- Completed reload, in  1.635 seconds
Platform modules already initialized, skipping
Refreshing native plugins compatible for Editor in 0.99 ms, found 2 plugins.
Preloading 0 native plugins for Editor in 0.00 ms.
Unloading 3369 Unused Serialized files (Serialized files now loaded: 0)
System memory in use before: 131.7 MB.
System memory in use after: 131.9 MB.

Unloading 13 unused Assets to reduce memory usage. Loaded Objects now: 3918.
Total: 6.084600 ms (FindLiveObjects: 1.161700 ms CreateObjectMapping: 0.346400 ms MarkObjects: 4.466500 ms  DeleteObjects: 0.108000 ms)

========================================================================
Received Import Request.
  Time since last request: 463.370901 seconds.
  path: Assets/Prefabs/Character.prefab
  artifactKey: Guid(f28c5d54624ead34f93de3949ce47129) Importer(815301076,1909f56bfc062723c751e8b465ee728b)
Start importing Assets/Prefabs/Character.prefab using Guid(f28c5d54624ead34f93de3949ce47129) Importer(815301076,1909f56bfc062723c751e8b465ee728b)  -> (artifact id: '48386a7cc3861df99951b70665364100') in 0.104474 seconds 
========================================================================
Received Import Request.
  Time since last request: 6.731193 seconds.
  path: Assets/Prefabs/Character 1.prefab
  artifactKey: Guid(bdfc2e2534f111e488302fbd86746097) Importer(815301076,1909f56bfc062723c751e8b465ee728b)
Start importing Assets/Prefabs/Character 1.prefab using Guid(bdfc2e2534f111e488302fbd86746097) Importer(815301076,1909f56bfc062723c751e8b465ee728b)  -> (artifact id: '0f49cc1422ff00530715f3218f9e60f1') in 0.022682 seconds 
========================================================================
Received Import Request.
  Time since last request: 2.554093 seconds.
  path: Assets/Prefabs/Enemy.prefab
  artifactKey: Guid(bdfc2e2534f111e488302fbd86746097) Importer(815301076,1909f56bfc062723c751e8b465ee728b)
Start importing Assets/Prefabs/Enemy.prefab using Guid(bdfc2e2534f111e488302fbd86746097) Importer(815301076,1909f56bfc062723c751e8b465ee728b)  -> (artifact id: '746a09b84cd712696c09e86024ebe9bb') in 0.016697 seconds 
========================================================================
Received Import Request.
  Time since last request: 21.866144 seconds.
  path: Assets/Prefabs/Enemy.prefab
  artifactKey: Guid(bdfc2e2534f111e488302fbd86746097) Importer(815301076,1909f56bfc062723c751e8b465ee728b)
Start importing Assets/Prefabs/Enemy.prefab using Guid(bdfc2e2534f111e488302fbd86746097) Importer(815301076,1909f56bfc062723c751e8b465ee728b)  -> (artifact id: 'e02a80b26cf3bdc99237472d03b1cb8c') in 0.018538 seconds 
========================================================================
Received Import Request.
  Time since last request: 7.531771 seconds.
  path: Assets/Scripts/Entity/Enemy.cs
  artifactKey: Guid(12ad6c85a5698c9498abae7e38d2ab2a) Importer(815301076,1909f56bfc062723c751e8b465ee728b)
Start importing Assets/Scripts/Entity/Enemy.cs using Guid(12ad6c85a5698c9498abae7e38d2ab2a) Importer(815301076,1909f56bfc062723c751e8b465ee728b)  -> (artifact id: '2cf83ea1ffcb137eb7d50847236b0eca') in 0.002795 seconds 
========================================================================
Received Prepare
Registering precompiled user dll's ...
Registered in 0.004288 seconds.
Begin MonoManager ReloadAssembly
Symbol file LoadedFromMemory doesn't match image E:\Unity\GitHub\FurryOctoTelegram\Library\PackageCache\com.unity.visualscripting@1.6.1\Editor\VisualScripting.Core\Dependencies\YamlDotNet\Unity.VisualScripting.YamlDotNet.dll
Symbol file LoadedFromMemory doesn't match image E:\Unity\GitHub\FurryOctoTelegram\Library\PackageCache\com.unity.visualscripting@1.6.1\Editor\VisualScripting.Core\Dependencies\DotNetZip\Unity.VisualScripting.IonicZip.dll
Native extension for WindowsStandalone target not found
Refreshing native plugins compatible for Editor in 1.58 ms, found 2 plugins.
Preloading 0 native plugins for Editor in 0.00 ms.
Mono: successfully reloaded assembly
- Completed reload, in  2.178 seconds
Platform modules already initialized, skipping
Refreshing native plugins compatible for Editor in 0.99 ms, found 2 plugins.
Preloading 0 native plugins for Editor in 0.00 ms.
Unloading 3370 Unused Serialized files (Serialized files now loaded: 0)
System memory in use before: 131.8 MB.
System memory in use after: 131.9 MB.

Unloading 13 unused Assets to reduce memory usage. Loaded Objects now: 3924.
Total: 4.804600 ms (FindLiveObjects: 0.480900 ms CreateObjectMapping: 0.190700 ms MarkObjects: 4.003900 ms  DeleteObjects: 0.127100 ms)

AssetImportWorkerClient::OnTransportError - code=2 error=End of file
