Using pre-set license
Built from '2021.1/staging' branch; Version is '2021.1.7f1 (d91830b65d9b) revision 14227504'; Using compiler version '192528614'; Build Type 'Release'
OS: 'Windows 10 Pro; OS build 19043.1415; Version 2009; 64bit' Language: 'fr' Physical Memory: 24469 MB
BatchMode: 1, IsHumanControllingUs: 0, StartBugReporterOnCrash: 0, Is64bit: 1, IsPro: 0

 COMMAND LINE ARGUMENTS:
E:\Unity\UnityProjects\2021.1.7f1\Editor\Unity.exe
-adb2
-batchMode
-noUpm
-name
AssetImportWorker0
-projectPath
E:/Unity/GitHub/FurryOctoTelegram
-logFile
Logs/AssetImportWorker0.log
-srvPort
60928
Successfully changed project path to: E:/Unity/GitHub/FurryOctoTelegram
E:/Unity/GitHub/FurryOctoTelegram
Using Asset Import Pipeline V2.
Refreshing native plugins compatible for Editor in 218.95 ms, found 2 plugins.
Preloading 0 native plugins for Editor in 0.00 ms.
Initialize engine version: 2021.1.7f1 (d91830b65d9b)
[Subsystems] Discovering subsystems at path E:/Unity/UnityProjects/2021.1.7f1/Editor/Data/Resources/UnitySubsystems
[Subsystems] Discovering subsystems at path E:/Unity/GitHub/FurryOctoTelegram/Assets
GfxDevice: creating device client; threaded=0; jobified=0
Direct3D:
    Version:  Direct3D 11.0 [level 11.1]
    Renderer: Radeon RX 580 Series (ID=0x67df)
    Vendor:   ATI
    VRAM:     8171 MB
    Driver:   27.20.1034.6
Initialize mono
Mono path[0] = 'E:/Unity/UnityProjects/2021.1.7f1/Editor/Data/Managed'
Mono path[1] = 'E:/Unity/UnityProjects/2021.1.7f1/Editor/Data/MonoBleedingEdge/lib/mono/unityjit'
Mono config path = 'E:/Unity/UnityProjects/2021.1.7f1/Editor/Data/MonoBleedingEdge/etc'
Using monoOptions --debugger-agent=transport=dt_socket,embedding=1,server=y,suspend=n,address=127.0.0.1:56520
Begin MonoManager ReloadAssembly
Registering precompiled unity dll's ...
Register platform support module: E:/Unity/UnityProjects/2021.1.7f1/Editor/Data/PlaybackEngines/WindowsStandaloneSupport/UnityEditor.WindowsStandalone.Extensions.dll
Registered in 0.002734 seconds.
Native extension for WindowsStandalone target not found
Refreshing native plugins compatible for Editor in 156.86 ms, found 2 plugins.
Preloading 0 native plugins for Editor in 0.00 ms.
Mono: successfully reloaded assembly
- Completed reload, in  1.827 seconds
Platform modules already initialized, skipping
Registering precompiled user dll's ...
Registered in 0.005035 seconds.
Begin MonoManager ReloadAssembly
Symbol file LoadedFromMemory doesn't match image E:\Unity\GitHub\FurryOctoTelegram\Library\PackageCache\com.unity.visualscripting@1.6.1\Editor\VisualScripting.Core\Dependencies\YamlDotNet\Unity.VisualScripting.YamlDotNet.dll
Symbol file LoadedFromMemory doesn't match image E:\Unity\GitHub\FurryOctoTelegram\Library\PackageCache\com.unity.visualscripting@1.6.1\Editor\VisualScripting.Core\Dependencies\DotNetZip\Unity.VisualScripting.IonicZip.dll
Native extension for WindowsStandalone target not found
Refreshing native plugins compatible for Editor in 174.47 ms, found 2 plugins.
Preloading 0 native plugins for Editor in 0.00 ms.
Mono: successfully reloaded assembly
- Completed reload, in  2.048 seconds
Platform modules already initialized, skipping
========================================================================
Worker process is ready to serve import requests
Launched and connected shader compiler UnityShaderCompiler.exe after 0.06 seconds
Refreshing native plugins compatible for Editor in 0.98 ms, found 2 plugins.
Preloading 0 native plugins for Editor in 0.00 ms.
Unloading 3372 Unused Serialized files (Serialized files now loaded: 0)
System memory in use before: 127.8 MB.
System memory in use after: 127.9 MB.

Unloading 28 unused Assets to reduce memory usage. Loaded Objects now: 3825.
Total: 3.711700 ms (FindLiveObjects: 0.484500 ms CreateObjectMapping: 0.190900 ms MarkObjects: 2.861800 ms  DeleteObjects: 0.173000 ms)

========================================================================
Received Import Request.
  path: Assets/Scripts/SpawnManager.cs
  artifactKey: Guid(da6e9037129b5bb45b6ab1765a56ae0f) Importer(815301076,1909f56bfc062723c751e8b465ee728b)
Start importing Assets/Scripts/SpawnManager.cs using Guid(da6e9037129b5bb45b6ab1765a56ae0f) Importer(815301076,1909f56bfc062723c751e8b465ee728b)  -> (artifact id: 'f82e7e4505b36e562a8129c7ecfd503d') in 0.059905 seconds 
========================================================================
Received Import Request.
  Time since last request: 32.533094 seconds.
  path: Assets/Scripts/SpawnManager.cs
  artifactKey: Guid(da6e9037129b5bb45b6ab1765a56ae0f) Importer(815301076,1909f56bfc062723c751e8b465ee728b)
Start importing Assets/Scripts/SpawnManager.cs using Guid(da6e9037129b5bb45b6ab1765a56ae0f) Importer(815301076,1909f56bfc062723c751e8b465ee728b)  -> (artifact id: 'ebf6802ae72ff67bc2624cccb4e732a3') in 0.003211 seconds 
========================================================================
Received Import Request.
  Time since last request: 5.993305 seconds.
  path: Assets/Scripts/SpawnManager.cs
  artifactKey: Guid(da6e9037129b5bb45b6ab1765a56ae0f) Importer(815301076,1909f56bfc062723c751e8b465ee728b)
Start importing Assets/Scripts/SpawnManager.cs using Guid(da6e9037129b5bb45b6ab1765a56ae0f) Importer(815301076,1909f56bfc062723c751e8b465ee728b)  -> (artifact id: '754d2b99740301b8f29365bb54b1836a') in 0.003623 seconds 
========================================================================
Received Prepare
Registering precompiled user dll's ...
Registered in 0.004799 seconds.
Begin MonoManager ReloadAssembly
Symbol file LoadedFromMemory doesn't match image E:\Unity\GitHub\FurryOctoTelegram\Library\PackageCache\com.unity.visualscripting@1.6.1\Editor\VisualScripting.Core\Dependencies\YamlDotNet\Unity.VisualScripting.YamlDotNet.dll
Symbol file LoadedFromMemory doesn't match image E:\Unity\GitHub\FurryOctoTelegram\Library\PackageCache\com.unity.visualscripting@1.6.1\Editor\VisualScripting.Core\Dependencies\DotNetZip\Unity.VisualScripting.IonicZip.dll
Native extension for WindowsStandalone target not found
Refreshing native plugins compatible for Editor in 1.01 ms, found 2 plugins.
Preloading 0 native plugins for Editor in 0.00 ms.
Mono: successfully reloaded assembly
- Completed reload, in  1.989 seconds
Platform modules already initialized, skipping
Refreshing native plugins compatible for Editor in 1.01 ms, found 2 plugins.
Preloading 0 native plugins for Editor in 0.00 ms.
Unloading 3367 Unused Serialized files (Serialized files now loaded: 0)
System memory in use before: 127.8 MB.
System memory in use after: 127.9 MB.

Unloading 16 unused Assets to reduce memory usage. Loaded Objects now: 3829.
Total: 4.481400 ms (FindLiveObjects: 0.581000 ms CreateObjectMapping: 0.215300 ms MarkObjects: 3.518200 ms  DeleteObjects: 0.165000 ms)

========================================================================
Received Prepare
Registering precompiled user dll's ...
Registered in 0.003643 seconds.
Begin MonoManager ReloadAssembly
Symbol file LoadedFromMemory doesn't match image E:\Unity\GitHub\FurryOctoTelegram\Library\PackageCache\com.unity.visualscripting@1.6.1\Editor\VisualScripting.Core\Dependencies\YamlDotNet\Unity.VisualScripting.YamlDotNet.dll
Symbol file LoadedFromMemory doesn't match image E:\Unity\GitHub\FurryOctoTelegram\Library\PackageCache\com.unity.visualscripting@1.6.1\Editor\VisualScripting.Core\Dependencies\DotNetZip\Unity.VisualScripting.IonicZip.dll
Native extension for WindowsStandalone target not found
Refreshing native plugins compatible for Editor in 1.20 ms, found 2 plugins.
Preloading 0 native plugins for Editor in 0.00 ms.
Mono: successfully reloaded assembly
- Completed reload, in  1.687 seconds
Platform modules already initialized, skipping
Refreshing native plugins compatible for Editor in 0.92 ms, found 2 plugins.
Preloading 0 native plugins for Editor in 0.00 ms.
Unloading 3367 Unused Serialized files (Serialized files now loaded: 0)
System memory in use before: 127.9 MB.
System memory in use after: 128.0 MB.

Unloading 16 unused Assets to reduce memory usage. Loaded Objects now: 3833.
Total: 3.771900 ms (FindLiveObjects: 0.465700 ms CreateObjectMapping: 0.196500 ms MarkObjects: 2.964600 ms  DeleteObjects: 0.143700 ms)

========================================================================
Received Import Request.
  Time since last request: 25.525453 seconds.
  path: Assets/Scripts/SpawnManager.cs
  artifactKey: Guid(da6e9037129b5bb45b6ab1765a56ae0f) Importer(815301076,1909f56bfc062723c751e8b465ee728b)
Start importing Assets/Scripts/SpawnManager.cs using Guid(da6e9037129b5bb45b6ab1765a56ae0f) Importer(815301076,1909f56bfc062723c751e8b465ee728b)  -> (artifact id: '896ed8bb4b7352af8ade7887daec3498') in 0.009069 seconds 
========================================================================
Received Prepare
Registering precompiled user dll's ...
Registered in 0.008030 seconds.
Begin MonoManager ReloadAssembly
Symbol file LoadedFromMemory doesn't match image E:\Unity\GitHub\FurryOctoTelegram\Library\PackageCache\com.unity.visualscripting@1.6.1\Editor\VisualScripting.Core\Dependencies\YamlDotNet\Unity.VisualScripting.YamlDotNet.dll
Symbol file LoadedFromMemory doesn't match image E:\Unity\GitHub\FurryOctoTelegram\Library\PackageCache\com.unity.visualscripting@1.6.1\Editor\VisualScripting.Core\Dependencies\DotNetZip\Unity.VisualScripting.IonicZip.dll
Native extension for WindowsStandalone target not found
Refreshing native plugins compatible for Editor in 0.97 ms, found 2 plugins.
Preloading 0 native plugins for Editor in 0.00 ms.
Mono: successfully reloaded assembly
- Completed reload, in  1.780 seconds
Platform modules already initialized, skipping
Refreshing native plugins compatible for Editor in 1.11 ms, found 2 plugins.
Preloading 0 native plugins for Editor in 0.00 ms.
Unloading 3367 Unused Serialized files (Serialized files now loaded: 0)
System memory in use before: 127.9 MB.
System memory in use after: 128.0 MB.

Unloading 16 unused Assets to reduce memory usage. Loaded Objects now: 3837.
Total: 4.159900 ms (FindLiveObjects: 0.516300 ms CreateObjectMapping: 0.540100 ms MarkObjects: 2.951900 ms  DeleteObjects: 0.149900 ms)

========================================================================
Received Import Request.
  Time since last request: 283.955238 seconds.
  path: Assets/Prefabs
  artifactKey: Guid(5d7d8ab5b253c0741acd095f571b07ad) Importer(815301076,1909f56bfc062723c751e8b465ee728b)
Start importing Assets/Prefabs using Guid(5d7d8ab5b253c0741acd095f571b07ad) Importer(815301076,1909f56bfc062723c751e8b465ee728b)  -> (artifact id: '425db02d6b6504b6d041d5df4c42d0c6') in 0.015798 seconds 
========================================================================
Received Import Request.
  Time since last request: 6.441656 seconds.
  path: Assets/Prefabs/Entity.prefab
  artifactKey: Guid(7b11b8556534ed54396728c07a0ef579) Importer(815301076,1909f56bfc062723c751e8b465ee728b)
Start importing Assets/Prefabs/Entity.prefab using Guid(7b11b8556534ed54396728c07a0ef579) Importer(815301076,1909f56bfc062723c751e8b465ee728b)  -> (artifact id: 'b31904aa86e6f6960dc76f89d6ee1d3d') in 0.154936 seconds 
========================================================================
Received Prepare
Registering precompiled user dll's ...
Registered in 0.003501 seconds.
Begin MonoManager ReloadAssembly
Symbol file LoadedFromMemory doesn't match image E:\Unity\GitHub\FurryOctoTelegram\Library\PackageCache\com.unity.visualscripting@1.6.1\Editor\VisualScripting.Core\Dependencies\YamlDotNet\Unity.VisualScripting.YamlDotNet.dll
Symbol file LoadedFromMemory doesn't match image E:\Unity\GitHub\FurryOctoTelegram\Library\PackageCache\com.unity.visualscripting@1.6.1\Editor\VisualScripting.Core\Dependencies\DotNetZip\Unity.VisualScripting.IonicZip.dll
Native extension for WindowsStandalone target not found
Refreshing native plugins compatible for Editor in 1.12 ms, found 2 plugins.
Preloading 0 native plugins for Editor in 0.00 ms.
Mono: successfully reloaded assembly
- Completed reload, in  1.667 seconds
Platform modules already initialized, skipping
Refreshing native plugins compatible for Editor in 1.18 ms, found 2 plugins.
Preloading 0 native plugins for Editor in 0.00 ms.
Unloading 3367 Unused Serialized files (Serialized files now loaded: 0)
System memory in use before: 131.6 MB.
System memory in use after: 131.7 MB.

Unloading 16 unused Assets to reduce memory usage. Loaded Objects now: 3848.
Total: 4.011600 ms (FindLiveObjects: 0.504500 ms CreateObjectMapping: 0.230000 ms MarkObjects: 3.121600 ms  DeleteObjects: 0.153800 ms)

========================================================================
Received Prepare
Registering precompiled user dll's ...
Registered in 0.003434 seconds.
Begin MonoManager ReloadAssembly
Symbol file LoadedFromMemory doesn't match image E:\Unity\GitHub\FurryOctoTelegram\Library\PackageCache\com.unity.visualscripting@1.6.1\Editor\VisualScripting.Core\Dependencies\YamlDotNet\Unity.VisualScripting.YamlDotNet.dll
Symbol file LoadedFromMemory doesn't match image E:\Unity\GitHub\FurryOctoTelegram\Library\PackageCache\com.unity.visualscripting@1.6.1\Editor\VisualScripting.Core\Dependencies\DotNetZip\Unity.VisualScripting.IonicZip.dll
Native extension for WindowsStandalone target not found
Refreshing native plugins compatible for Editor in 2.78 ms, found 2 plugins.
Preloading 0 native plugins for Editor in 0.00 ms.
Mono: successfully reloaded assembly
- Completed reload, in  1.829 seconds
Platform modules already initialized, skipping
Refreshing native plugins compatible for Editor in 0.93 ms, found 2 plugins.
Preloading 0 native plugins for Editor in 0.00 ms.
Unloading 3367 Unused Serialized files (Serialized files now loaded: 0)
System memory in use before: 131.6 MB.
System memory in use after: 131.7 MB.

Unloading 16 unused Assets to reduce memory usage. Loaded Objects now: 3852.
Total: 3.670800 ms (FindLiveObjects: 0.467900 ms CreateObjectMapping: 0.191800 ms MarkObjects: 2.866300 ms  DeleteObjects: 0.143300 ms)

========================================================================
Received Import Request.
  Time since last request: 39.873111 seconds.
  path: Assets/Prefabs/Entity.prefab
  artifactKey: Guid(7b11b8556534ed54396728c07a0ef579) Importer(815301076,1909f56bfc062723c751e8b465ee728b)
Start importing Assets/Prefabs/Entity.prefab using Guid(7b11b8556534ed54396728c07a0ef579) Importer(815301076,1909f56bfc062723c751e8b465ee728b)  -> (artifact id: 'bcbcc759f6c36cd50e11e0ae8e16ee94') in 0.083936 seconds 
========================================================================
Received Import Request.
  Time since last request: 2.509619 seconds.
  path: Assets/Prefabs/Entity.prefab
  artifactKey: Guid(7b11b8556534ed54396728c07a0ef579) Importer(815301076,1909f56bfc062723c751e8b465ee728b)
Start importing Assets/Prefabs/Entity.prefab using Guid(7b11b8556534ed54396728c07a0ef579) Importer(815301076,1909f56bfc062723c751e8b465ee728b)  -> (artifact id: 'dea0842aa59f93eedfb263c308bb069f') in 0.021285 seconds 
========================================================================
Received Import Request.
  Time since last request: 0.980785 seconds.
  path: Assets/Prefabs/Entity.prefab
  artifactKey: Guid(7b11b8556534ed54396728c07a0ef579) Importer(815301076,1909f56bfc062723c751e8b465ee728b)
Start importing Assets/Prefabs/Entity.prefab using Guid(7b11b8556534ed54396728c07a0ef579) Importer(815301076,1909f56bfc062723c751e8b465ee728b)  -> (artifact id: '3737b4d70e558e869dee86e5de324257') in 0.019827 seconds 
========================================================================
Received Import Request.
  Time since last request: 0.783767 seconds.
  path: Assets/Prefabs/Entity.prefab
  artifactKey: Guid(7b11b8556534ed54396728c07a0ef579) Importer(815301076,1909f56bfc062723c751e8b465ee728b)
Start importing Assets/Prefabs/Entity.prefab using Guid(7b11b8556534ed54396728c07a0ef579) Importer(815301076,1909f56bfc062723c751e8b465ee728b)  -> (artifact id: '36a4791920b636d3a48045055e7f0a9c') in 0.012523 seconds 
========================================================================
Received Prepare
Registering precompiled user dll's ...
Registered in 0.004213 seconds.
Begin MonoManager ReloadAssembly
Symbol file LoadedFromMemory doesn't match image E:\Unity\GitHub\FurryOctoTelegram\Library\PackageCache\com.unity.visualscripting@1.6.1\Editor\VisualScripting.Core\Dependencies\YamlDotNet\Unity.VisualScripting.YamlDotNet.dll
Symbol file LoadedFromMemory doesn't match image E:\Unity\GitHub\FurryOctoTelegram\Library\PackageCache\com.unity.visualscripting@1.6.1\Editor\VisualScripting.Core\Dependencies\DotNetZip\Unity.VisualScripting.IonicZip.dll
Native extension for WindowsStandalone target not found
Refreshing native plugins compatible for Editor in 0.98 ms, found 2 plugins.
Preloading 0 native plugins for Editor in 0.00 ms.
Mono: successfully reloaded assembly
- Completed reload, in  1.716 seconds
Platform modules already initialized, skipping
Refreshing native plugins compatible for Editor in 1.14 ms, found 2 plugins.
Preloading 0 native plugins for Editor in 0.00 ms.
Unloading 3367 Unused Serialized files (Serialized files now loaded: 0)
System memory in use before: 131.7 MB.
System memory in use after: 131.8 MB.

Unloading 16 unused Assets to reduce memory usage. Loaded Objects now: 3857.
Total: 4.409600 ms (FindLiveObjects: 0.492700 ms CreateObjectMapping: 0.191100 ms MarkObjects: 3.567500 ms  DeleteObjects: 0.156900 ms)

========================================================================
Received Prepare
Registering precompiled user dll's ...
Registered in 0.003681 seconds.
Begin MonoManager ReloadAssembly
Symbol file LoadedFromMemory doesn't match image E:\Unity\GitHub\FurryOctoTelegram\Library\PackageCache\com.unity.visualscripting@1.6.1\Editor\VisualScripting.Core\Dependencies\YamlDotNet\Unity.VisualScripting.YamlDotNet.dll
Symbol file LoadedFromMemory doesn't match image E:\Unity\GitHub\FurryOctoTelegram\Library\PackageCache\com.unity.visualscripting@1.6.1\Editor\VisualScripting.Core\Dependencies\DotNetZip\Unity.VisualScripting.IonicZip.dll
Native extension for WindowsStandalone target not found
Refreshing native plugins compatible for Editor in 0.99 ms, found 2 plugins.
Preloading 0 native plugins for Editor in 0.00 ms.
Mono: successfully reloaded assembly
- Completed reload, in  1.607 seconds
Platform modules already initialized, skipping
Refreshing native plugins compatible for Editor in 0.94 ms, found 2 plugins.
Preloading 0 native plugins for Editor in 0.00 ms.
Unloading 3367 Unused Serialized files (Serialized files now loaded: 0)
System memory in use before: 131.7 MB.
System memory in use after: 131.8 MB.

Unloading 16 unused Assets to reduce memory usage. Loaded Objects now: 3861.
Total: 3.636000 ms (FindLiveObjects: 0.495900 ms CreateObjectMapping: 0.210900 ms MarkObjects: 2.785300 ms  DeleteObjects: 0.142400 ms)

========================================================================
Received Prepare
Registering precompiled user dll's ...
Registered in 0.003335 seconds.
Begin MonoManager ReloadAssembly
Symbol file LoadedFromMemory doesn't match image E:\Unity\GitHub\FurryOctoTelegram\Library\PackageCache\com.unity.visualscripting@1.6.1\Editor\VisualScripting.Core\Dependencies\YamlDotNet\Unity.VisualScripting.YamlDotNet.dll
Symbol file LoadedFromMemory doesn't match image E:\Unity\GitHub\FurryOctoTelegram\Library\PackageCache\com.unity.visualscripting@1.6.1\Editor\VisualScripting.Core\Dependencies\DotNetZip\Unity.VisualScripting.IonicZip.dll
Native extension for WindowsStandalone target not found
Refreshing native plugins compatible for Editor in 0.99 ms, found 2 plugins.
Preloading 0 native plugins for Editor in 0.00 ms.
Mono: successfully reloaded assembly
- Completed reload, in  1.586 seconds
Platform modules already initialized, skipping
Refreshing native plugins compatible for Editor in 1.14 ms, found 2 plugins.
Preloading 0 native plugins for Editor in 0.00 ms.
Unloading 3367 Unused Serialized files (Serialized files now loaded: 0)
System memory in use before: 131.7 MB.
System memory in use after: 131.8 MB.

Unloading 16 unused Assets to reduce memory usage. Loaded Objects now: 3865.
Total: 4.458100 ms (FindLiveObjects: 0.545300 ms CreateObjectMapping: 0.234600 ms MarkObjects: 3.486700 ms  DeleteObjects: 0.189400 ms)

========================================================================
Received Prepare
Registering precompiled user dll's ...
Registered in 0.004081 seconds.
Begin MonoManager ReloadAssembly
Symbol file LoadedFromMemory doesn't match image E:\Unity\GitHub\FurryOctoTelegram\Library\PackageCache\com.unity.visualscripting@1.6.1\Editor\VisualScripting.Core\Dependencies\YamlDotNet\Unity.VisualScripting.YamlDotNet.dll
Symbol file LoadedFromMemory doesn't match image E:\Unity\GitHub\FurryOctoTelegram\Library\PackageCache\com.unity.visualscripting@1.6.1\Editor\VisualScripting.Core\Dependencies\DotNetZip\Unity.VisualScripting.IonicZip.dll
Native extension for WindowsStandalone target not found
Refreshing native plugins compatible for Editor in 1.10 ms, found 2 plugins.
Preloading 0 native plugins for Editor in 0.00 ms.
Mono: successfully reloaded assembly
- Completed reload, in  1.627 seconds
Platform modules already initialized, skipping
Refreshing native plugins compatible for Editor in 0.94 ms, found 2 plugins.
Preloading 0 native plugins for Editor in 0.00 ms.
Unloading 3367 Unused Serialized files (Serialized files now loaded: 0)
System memory in use before: 131.7 MB.
System memory in use after: 131.8 MB.

Unloading 16 unused Assets to reduce memory usage. Loaded Objects now: 3869.
Total: 3.521900 ms (FindLiveObjects: 0.456500 ms CreateObjectMapping: 0.188600 ms MarkObjects: 2.736400 ms  DeleteObjects: 0.139000 ms)

========================================================================
Received Import Request.
  Time since last request: 232.644374 seconds.
  path: Assets/Scripts/Entity.cs
  artifactKey: Guid(1ec411296db912a458d9a42617f9b01c) Importer(815301076,1909f56bfc062723c751e8b465ee728b)
Start importing Assets/Scripts/Entity.cs using Guid(1ec411296db912a458d9a42617f9b01c) Importer(815301076,1909f56bfc062723c751e8b465ee728b)  -> (artifact id: '5ea9c604567dd26844c3eb03d259ab69') in 0.009644 seconds 
========================================================================
Received Prepare
Registering precompiled user dll's ...
Registered in 0.003402 seconds.
Begin MonoManager ReloadAssembly
Symbol file LoadedFromMemory doesn't match image E:\Unity\GitHub\FurryOctoTelegram\Library\PackageCache\com.unity.visualscripting@1.6.1\Editor\VisualScripting.Core\Dependencies\YamlDotNet\Unity.VisualScripting.YamlDotNet.dll
Symbol file LoadedFromMemory doesn't match image E:\Unity\GitHub\FurryOctoTelegram\Library\PackageCache\com.unity.visualscripting@1.6.1\Editor\VisualScripting.Core\Dependencies\DotNetZip\Unity.VisualScripting.IonicZip.dll
Native extension for WindowsStandalone target not found
Refreshing native plugins compatible for Editor in 2.16 ms, found 2 plugins.
Preloading 0 native plugins for Editor in 0.00 ms.
Mono: successfully reloaded assembly
- Completed reload, in  1.640 seconds
Platform modules already initialized, skipping
Refreshing native plugins compatible for Editor in 0.98 ms, found 2 plugins.
Preloading 0 native plugins for Editor in 0.00 ms.
Unloading 3368 Unused Serialized files (Serialized files now loaded: 0)
System memory in use before: 131.7 MB.
System memory in use after: 131.8 MB.

Unloading 16 unused Assets to reduce memory usage. Loaded Objects now: 3874.
Total: 3.858000 ms (FindLiveObjects: 0.497600 ms CreateObjectMapping: 0.193000 ms MarkObjects: 3.009100 ms  DeleteObjects: 0.156900 ms)

========================================================================
Received Prepare
Registering precompiled user dll's ...
Registered in 0.003355 seconds.
Begin MonoManager ReloadAssembly
Symbol file LoadedFromMemory doesn't match image E:\Unity\GitHub\FurryOctoTelegram\Library\PackageCache\com.unity.visualscripting@1.6.1\Editor\VisualScripting.Core\Dependencies\YamlDotNet\Unity.VisualScripting.YamlDotNet.dll
Symbol file LoadedFromMemory doesn't match image E:\Unity\GitHub\FurryOctoTelegram\Library\PackageCache\com.unity.visualscripting@1.6.1\Editor\VisualScripting.Core\Dependencies\DotNetZip\Unity.VisualScripting.IonicZip.dll
Native extension for WindowsStandalone target not found
Refreshing native plugins compatible for Editor in 0.98 ms, found 2 plugins.
Preloading 0 native plugins for Editor in 0.00 ms.
Mono: successfully reloaded assembly
- Completed reload, in  1.608 seconds
Platform modules already initialized, skipping
Refreshing native plugins compatible for Editor in 1.06 ms, found 2 plugins.
Preloading 0 native plugins for Editor in 0.00 ms.
Unloading 3368 Unused Serialized files (Serialized files now loaded: 0)
System memory in use before: 131.7 MB.
System memory in use after: 131.8 MB.

Unloading 16 unused Assets to reduce memory usage. Loaded Objects now: 3878.
Total: 4.429200 ms (FindLiveObjects: 0.478700 ms CreateObjectMapping: 0.197300 ms MarkObjects: 3.487500 ms  DeleteObjects: 0.247000 ms)

========================================================================
Received Import Request.
  Time since last request: 574.323599 seconds.
  path: Assets/Scripts/Entity.cs
  artifactKey: Guid(1ec411296db912a458d9a42617f9b01c) Importer(815301076,1909f56bfc062723c751e8b465ee728b)
Start importing Assets/Scripts/Entity.cs using Guid(1ec411296db912a458d9a42617f9b01c) Importer(815301076,1909f56bfc062723c751e8b465ee728b)  -> (artifact id: '746fb0915409dad031ce3f30a826674f') in 0.009311 seconds 
========================================================================
Received Import Request.
  Time since last request: 6.110260 seconds.
  path: Assets/Prefabs 1
  artifactKey: Guid(4dd082f2e1922c644a8aeae4d580dd85) Importer(815301076,1909f56bfc062723c751e8b465ee728b)
Start importing Assets/Prefabs 1 using Guid(4dd082f2e1922c644a8aeae4d580dd85) Importer(815301076,1909f56bfc062723c751e8b465ee728b)  -> (artifact id: 'f6fbf67412566cd7307f559a2ebf05bb') in 0.010361 seconds 
========================================================================
Received Import Request.
  Time since last request: 5.071221 seconds.
  path: Assets/Graohics
  artifactKey: Guid(4dd082f2e1922c644a8aeae4d580dd85) Importer(815301076,1909f56bfc062723c751e8b465ee728b)
Start importing Assets/Graohics using Guid(4dd082f2e1922c644a8aeae4d580dd85) Importer(815301076,1909f56bfc062723c751e8b465ee728b)  -> (artifact id: '0477806b615d63c102bef930d440ac60') in 0.012000 seconds 
========================================================================
Received Import Request.
  Time since last request: 46.405368 seconds.
  path: Packages/com.unity.2d.animation/package.json
  artifactKey: Guid(9e83c20a8293f44ec8a375d3805f477d) Importer(815301076,1909f56bfc062723c751e8b465ee728b)
Start importing Packages/com.unity.2d.animation/package.json using Guid(9e83c20a8293f44ec8a375d3805f477d) Importer(815301076,1909f56bfc062723c751e8b465ee728b)  -> (artifact id: '1991dad016a27894c2203e824a137128') in 0.049867 seconds 
========================================================================
Received Import Request.
  Time since last request: 0.236406 seconds.
  path: Packages/com.unity.2d.common/package.json
  artifactKey: Guid(68f1917ec3cac45b080c26153375c2bb) Importer(815301076,1909f56bfc062723c751e8b465ee728b)
Start importing Packages/com.unity.2d.common/package.json using Guid(68f1917ec3cac45b080c26153375c2bb) Importer(815301076,1909f56bfc062723c751e8b465ee728b)  -> (artifact id: '8bf0c85bb8e76e588a778e6160a36ba3') in 0.010286 seconds 
========================================================================
Received Import Request.
  Time since last request: 0.277817 seconds.
  path: Packages/com.unity.2d.path/package.json
  artifactKey: Guid(990785fe75c54584ab4201a3e20e1655) Importer(815301076,1909f56bfc062723c751e8b465ee728b)
Start importing Packages/com.unity.2d.path/package.json using Guid(990785fe75c54584ab4201a3e20e1655) Importer(815301076,1909f56bfc062723c751e8b465ee728b)  -> (artifact id: 'c7ba17322f4fb1de3dbce8de085fa516') in 0.010294 seconds 
========================================================================
Received Import Request.
  Time since last request: 0.340816 seconds.
  path: Packages/com.unity.2d.pixel-perfect/package.json
  artifactKey: Guid(b1c570008ebc15d4183516ca5722a39e) Importer(815301076,1909f56bfc062723c751e8b465ee728b)
Start importing Packages/com.unity.2d.pixel-perfect/package.json using Guid(b1c570008ebc15d4183516ca5722a39e) Importer(815301076,1909f56bfc062723c751e8b465ee728b)  -> (artifact id: '85714204fa96ac5f1a04523a99c516cc') in 0.010427 seconds 
========================================================================
Received Import Request.
  Time since last request: 0.334195 seconds.
  path: Packages/com.unity.2d.sprite/package.json
  artifactKey: Guid(7dc5f1e5d04ac8549ac21802071e983b) Importer(815301076,1909f56bfc062723c751e8b465ee728b)
Start importing Packages/com.unity.2d.sprite/package.json using Guid(7dc5f1e5d04ac8549ac21802071e983b) Importer(815301076,1909f56bfc062723c751e8b465ee728b)  -> (artifact id: 'ff87128bdf6981a9843158b29f26b2df') in 0.009810 seconds 
========================================================================
Received Import Request.
  Time since last request: 0.385935 seconds.
  path: Packages/com.unity.2d.psdimporter/package.json
  artifactKey: Guid(2f948ecb81c850949a2725b1ba265844) Importer(815301076,1909f56bfc062723c751e8b465ee728b)
Start importing Packages/com.unity.2d.psdimporter/package.json using Guid(2f948ecb81c850949a2725b1ba265844) Importer(815301076,1909f56bfc062723c751e8b465ee728b)  -> (artifact id: 'dd779acf250444ee8c39d50aebbddb62') in 0.010691 seconds 
========================================================================
Received Import Request.
  Time since last request: 1.741155 seconds.
  path: Packages/com.unity.2d.sprite/Tests
  artifactKey: Guid(7e2656e167a517b4d8552ba38f4b7bbe) Importer(815301076,1909f56bfc062723c751e8b465ee728b)
Start importing Packages/com.unity.2d.sprite/Tests using Guid(7e2656e167a517b4d8552ba38f4b7bbe) Importer(815301076,1909f56bfc062723c751e8b465ee728b)  -> (artifact id: 'e7c2fff4ccefa8c3c7b682e8bb96f3a8') in 0.009888 seconds 
========================================================================
Received Import Request.
  Time since last request: 0.725787 seconds.
  path: Packages/com.unity.2d.sprite/Tests/Editor
  artifactKey: Guid(dcc63292bf8cfd543b11bfdebe99cd02) Importer(815301076,1909f56bfc062723c751e8b465ee728b)
Start importing Packages/com.unity.2d.sprite/Tests/Editor using Guid(dcc63292bf8cfd543b11bfdebe99cd02) Importer(815301076,1909f56bfc062723c751e8b465ee728b)  -> (artifact id: 'bdce329cdc59d43f83003380ed963547') in 0.008506 seconds 
========================================================================
Received Import Request.
  Time since last request: 0.049015 seconds.
  path: Packages/com.unity.2d.sprite/Tests/Editor/Unity.2D.Sprite.Package.EditorTests.asmdef
  artifactKey: Guid(52648b72c7bef2040bf0cfa8dd0f74da) Importer(815301076,1909f56bfc062723c751e8b465ee728b)
Start importing Packages/com.unity.2d.sprite/Tests/Editor/Unity.2D.Sprite.Package.EditorTests.asmdef using Guid(52648b72c7bef2040bf0cfa8dd0f74da) Importer(815301076,1909f56bfc062723c751e8b465ee728b)  -> (artifact id: 'f7b6b6d56508a66025edd877d40dc5f8') in 0.010049 seconds 
========================================================================
Received Import Request.
  Time since last request: 1.526876 seconds.
  path: Packages/com.unity.2d.sprite/Editor/Unity.2D.Sprite.Editor.asmdef
  artifactKey: Guid(2c573e6b271651846a79655161004c5b) Importer(815301076,1909f56bfc062723c751e8b465ee728b)
Start importing Packages/com.unity.2d.sprite/Editor/Unity.2D.Sprite.Editor.asmdef using Guid(2c573e6b271651846a79655161004c5b) Importer(815301076,1909f56bfc062723c751e8b465ee728b)  -> (artifact id: '75d9bb45d92a02f508ba32d52934c281') in 0.008654 seconds 
========================================================================
Received Import Request.
  Time since last request: 11.840938 seconds.
  path: Packages/com.unity.2d.animation/Editor/Assets/SkinningModule/Icons/Selected/Sprite_Mode@4x.png
  artifactKey: Guid(2223b0a570b66ee42b3e0a79f0789b2a) Importer(815301076,1909f56bfc062723c751e8b465ee728b)
Start importing Packages/com.unity.2d.animation/Editor/Assets/SkinningModule/Icons/Selected/Sprite_Mode@4x.png using Guid(2223b0a570b66ee42b3e0a79f0789b2a) Importer(815301076,1909f56bfc062723c751e8b465ee728b)  -> (artifact id: '9e601b96785a099de3149dab35433959') in 0.176718 seconds 
========================================================================
Received Import Request.
  Time since last request: 0.000338 seconds.
  path: Packages/com.unity.2d.spriteshape/Editor/Handles/ss_playhead.png
  artifactKey: Guid(9ea72647c24be493ba6f15a9cd2a24ae) Importer(815301076,1909f56bfc062723c751e8b465ee728b)
Start importing Packages/com.unity.2d.spriteshape/Editor/Handles/ss_playhead.png using Guid(9ea72647c24be493ba6f15a9cd2a24ae) Importer(815301076,1909f56bfc062723c751e8b465ee728b)  -> (artifact id: 'b3811a3eb2356c2b3f846a90265a3f33') in 0.032130 seconds 
========================================================================
Received Import Request.
  Time since last request: 0.000324 seconds.
  path: Packages/com.unity.2d.sprite/Editor/ObjectMenuCreation/DefaultAssets/Textures/v2/Square.png
  artifactKey: Guid(311925a002f4447b3a28927169b83ea6) Importer(815301076,1909f56bfc062723c751e8b465ee728b)
Start importing Packages/com.unity.2d.sprite/Editor/ObjectMenuCreation/DefaultAssets/Textures/v2/Square.png using Guid(311925a002f4447b3a28927169b83ea6) Importer(815301076,1909f56bfc062723c751e8b465ee728b)  -> (artifact id: '6460c1762ac70d57fae85211fd0a36cc') in 0.019638 seconds 
========================================================================
Received Import Request.
  Time since last request: 0.000242 seconds.
  path: Packages/com.unity.2d.animation/Editor/Assets/SkinningModule/Icons/Light/Sprite_Mode@4x.png
  artifactKey: Guid(554a30a45860f494ca38586c54b7e5d9) Importer(815301076,1909f56bfc062723c751e8b465ee728b)
Start importing Packages/com.unity.2d.animation/Editor/Assets/SkinningModule/Icons/Light/Sprite_Mode@4x.png using Guid(554a30a45860f494ca38586c54b7e5d9) Importer(815301076,1909f56bfc062723c751e8b465ee728b)  -> (artifact id: '651524480be99fe8ca50977da218175d') in 0.023162 seconds 
========================================================================
Received Import Request.
  Time since last request: 0.000325 seconds.
  path: Packages/com.unity.2d.path/Editor/Handles/TangentBrokenPro.png
  artifactKey: Guid(3f0215e89d05b544d907d3a7d34fab63) Importer(815301076,1909f56bfc062723c751e8b465ee728b)
Start importing Packages/com.unity.2d.path/Editor/Handles/TangentBrokenPro.png using Guid(3f0215e89d05b544d907d3a7d34fab63) Importer(815301076,1909f56bfc062723c751e8b465ee728b)  -> (artifact id: '0e251124f1198d42de8221da2600feea') in 0.027756 seconds 
========================================================================
Received Import Request.
  Time since last request: 0.000331 seconds.
  path: Packages/com.unity.2d.spriteshape/Editor/ObjectMenuCreation/DefaultAssets/Sprite Shapes/SpriteShapeEdge.png
  artifactKey: Guid(0ae2b74b1edd14bb18dd7b65ae916a54) Importer(815301076,1909f56bfc062723c751e8b465ee728b)
Start importing Packages/com.unity.2d.spriteshape/Editor/ObjectMenuCreation/DefaultAssets/Sprite Shapes/SpriteShapeEdge.png using Guid(0ae2b74b1edd14bb18dd7b65ae916a54) Importer(815301076,1909f56bfc062723c751e8b465ee728b)  -> (artifact id: '8940676595200afc5a56dd3fb09118c1') in 0.025267 seconds 
========================================================================
Received Import Request.
  Time since last request: 0.000269 seconds.
  path: Packages/com.unity.2d.sprite/Editor/ObjectMenuCreation/DefaultAssets/Textures/Square.png
  artifactKey: Guid(db750325989564987a34393247d883b4) Importer(815301076,1909f56bfc062723c751e8b465ee728b)
Start importing Packages/com.unity.2d.sprite/Editor/ObjectMenuCreation/DefaultAssets/Textures/Square.png using Guid(db750325989564987a34393247d883b4) Importer(815301076,1909f56bfc062723c751e8b465ee728b)  -> (artifact id: '8e8715653e1e65a697ddb623f52bc0db') in 0.024591 seconds 
========================================================================
Received Import Request.
  Time since last request: 0.000314 seconds.
  path: Packages/com.unity.2d.spriteshape/Editor/Handles/ss_leftrange.png
  artifactKey: Guid(9417efc47083f4a1598c1966a6345cdb) Importer(815301076,1909f56bfc062723c751e8b465ee728b)
Start importing Packages/com.unity.2d.spriteshape/Editor/Handles/ss_leftrange.png using Guid(9417efc47083f4a1598c1966a6345cdb) Importer(815301076,1909f56bfc062723c751e8b465ee728b)  -> (artifact id: 'cef2403eeee916baedd1c620aab87671') in 0.025740 seconds 
========================================================================
Received Import Request.
  Time since last request: 0.000307 seconds.
  path: Packages/com.unity.2d.spriteshape/Editor/Handles/ss_rightrange.png
  artifactKey: Guid(ee5df01235032491c8b180741ea820fe) Importer(815301076,1909f56bfc062723c751e8b465ee728b)
Start importing Packages/com.unity.2d.spriteshape/Editor/Handles/ss_rightrange.png using Guid(ee5df01235032491c8b180741ea820fe) Importer(815301076,1909f56bfc062723c751e8b465ee728b)  -> (artifact id: '6670cefe7ebcf7c17275b001fcd3698d') in 0.023515 seconds 
========================================================================
Received Import Request.
  Time since last request: 0.000302 seconds.
  path: Packages/com.unity.2d.path/Editor/Handles/TangentBroken.png
  artifactKey: Guid(b370d25fdf6f8914287e27c0c3dede6a) Importer(815301076,1909f56bfc062723c751e8b465ee728b)
Start importing Packages/com.unity.2d.path/Editor/Handles/TangentBroken.png using Guid(b370d25fdf6f8914287e27c0c3dede6a) Importer(815301076,1909f56bfc062723c751e8b465ee728b)  -> (artifact id: 'ffd4238cfe56dd47a84f30b51b1a4973') in 0.023583 seconds 
========================================================================
Received Import Request.
  Time since last request: 0.000312 seconds.
  path: Packages/com.unity.2d.path/Editor/Handles/TangentContinuous.png
  artifactKey: Guid(229e750703f3e824ca71ddd16a5e36be) Importer(815301076,1909f56bfc062723c751e8b465ee728b)
Start importing Packages/com.unity.2d.path/Editor/Handles/TangentContinuous.png using Guid(229e750703f3e824ca71ddd16a5e36be) Importer(815301076,1909f56bfc062723c751e8b465ee728b)  -> (artifact id: 'bec41e7918ba61064ad2a717f26fa7fb') in 0.024608 seconds 
========================================================================
Received Import Request.
  Time since last request: 4.247410 seconds.
  path: Packages/com.unity.2d.animation/Editor/Assets/SkinningModule/Icons/Light/Weight_Slider@2x.png
  artifactKey: Guid(6306a4776b130304bba7a139fc1d2bb8) Importer(815301076,1909f56bfc062723c751e8b465ee728b)
Start importing Packages/com.unity.2d.animation/Editor/Assets/SkinningModule/Icons/Light/Weight_Slider@2x.png using Guid(6306a4776b130304bba7a139fc1d2bb8) Importer(815301076,1909f56bfc062723c751e8b465ee728b)  -> (artifact id: 'acdb807a0fb57577a9943d1b61f30306') in 0.034613 seconds 
========================================================================
Received Import Request.
  Time since last request: 0.000401 seconds.
  path: Packages/com.unity.2d.animation/Editor/Assets/SkinningModule/Icons/Light/Weight_Slider@4x.png
  artifactKey: Guid(4e494ad3b858ecf4fab63aae9075d43d) Importer(815301076,1909f56bfc062723c751e8b465ee728b)
Start importing Packages/com.unity.2d.animation/Editor/Assets/SkinningModule/Icons/Light/Weight_Slider@4x.png using Guid(4e494ad3b858ecf4fab63aae9075d43d) Importer(815301076,1909f56bfc062723c751e8b465ee728b)  -> (artifact id: '480e19a008a73ad4fb7b55e04aba5b79') in 0.029031 seconds 
========================================================================
Received Import Request.
  Time since last request: 0.000339 seconds.
  path: Packages/com.unity.2d.animation/Editor/Assets/SkinningModule/Icons/Selected/Weight_Slider@4x.png
  artifactKey: Guid(ac47ed8ccc79cf04dae198b9cc5b3a6f) Importer(815301076,1909f56bfc062723c751e8b465ee728b)
Start importing Packages/com.unity.2d.animation/Editor/Assets/SkinningModule/Icons/Selected/Weight_Slider@4x.png using Guid(ac47ed8ccc79cf04dae198b9cc5b3a6f) Importer(815301076,1909f56bfc062723c751e8b465ee728b)  -> (artifact id: '55b09ca09dd3777f69daa1860e2a12c2') in 0.023264 seconds 
========================================================================
Received Import Request.
  Time since last request: 0.000332 seconds.
  path: Packages/com.unity.2d.animation/Editor/Assets/SkinningModule/Icons/Selected/Weight_Brush@4x.png
  artifactKey: Guid(48464cd53bb3c604f999e7d3f15e8d09) Importer(815301076,1909f56bfc062723c751e8b465ee728b)
Start importing Packages/com.unity.2d.animation/Editor/Assets/SkinningModule/Icons/Selected/Weight_Brush@4x.png using Guid(48464cd53bb3c604f999e7d3f15e8d09) Importer(815301076,1909f56bfc062723c751e8b465ee728b)  -> (artifact id: '60f167549150eb7fdc9bff1321a72695') in 0.025316 seconds 
========================================================================
Received Import Request.
  Time since last request: 0.000297 seconds.
  path: Packages/com.unity.2d.animation/Editor/Assets/SkinningModule/Icons/Selected/Weight_Slider.png
  artifactKey: Guid(96b029a4248c85a4e8de2aa81fc0b60a) Importer(815301076,1909f56bfc062723c751e8b465ee728b)
Start importing Packages/com.unity.2d.animation/Editor/Assets/SkinningModule/Icons/Selected/Weight_Slider.png using Guid(96b029a4248c85a4e8de2aa81fc0b60a) Importer(815301076,1909f56bfc062723c751e8b465ee728b)  -> (artifact id: 'fe34a0ea4a34b7b836b079975743771c') in 0.027108 seconds 
========================================================================
Received Import Request.
  Time since last request: 0.000313 seconds.
  path: Packages/com.unity.2d.animation/Editor/Assets/SkinningModule/Icons/Light/Weight_Brush@4x.png
  artifactKey: Guid(3dd5e5c693a816e4f96b869f6465955b) Importer(815301076,1909f56bfc062723c751e8b465ee728b)
Start importing Packages/com.unity.2d.animation/Editor/Assets/SkinningModule/Icons/Light/Weight_Brush@4x.png using Guid(3dd5e5c693a816e4f96b869f6465955b) Importer(815301076,1909f56bfc062723c751e8b465ee728b)  -> (artifact id: '3b78c98619ba0f9f5bedc1e7e765fd4b') in 0.020327 seconds 
========================================================================
Received Import Request.
  Time since last request: 0.000274 seconds.
  path: Packages/com.unity.2d.animation/Editor/Assets/SkinningModule/Icons/Light/Weight_Brush@3x.png
  artifactKey: Guid(3279d541bf75c624cbdd7179eb5559a8) Importer(815301076,1909f56bfc062723c751e8b465ee728b)
Start importing Packages/com.unity.2d.animation/Editor/Assets/SkinningModule/Icons/Light/Weight_Brush@3x.png using Guid(3279d541bf75c624cbdd7179eb5559a8) Importer(815301076,1909f56bfc062723c751e8b465ee728b)  -> (artifact id: 'f007077eeaf190b01a3abe3676dd43cc') in 0.022679 seconds 
========================================================================
Received Import Request.
  Time since last request: 0.000296 seconds.
  path: Packages/com.unity.2d.animation/Editor/Assets/SkinningModule/Icons/Light/Weight_Slider.png
  artifactKey: Guid(aa91af43c72989f44bf937fd28243bc7) Importer(815301076,1909f56bfc062723c751e8b465ee728b)
Start importing Packages/com.unity.2d.animation/Editor/Assets/SkinningModule/Icons/Light/Weight_Slider.png using Guid(aa91af43c72989f44bf937fd28243bc7) Importer(815301076,1909f56bfc062723c751e8b465ee728b)  -> (artifact id: '23e2cd8d5b4573a596d39e858a4274ec') in 0.019792 seconds 
========================================================================
Received Import Request.
  Time since last request: 0.000274 seconds.
  path: Packages/com.unity.2d.animation/Editor/Assets/SkinningModule/Icons/Selected/Weight_Slider@3x.png
  artifactKey: Guid(af73899d5803d99448134360f184f348) Importer(815301076,1909f56bfc062723c751e8b465ee728b)
Start importing Packages/com.unity.2d.animation/Editor/Assets/SkinningModule/Icons/Selected/Weight_Slider@3x.png using Guid(af73899d5803d99448134360f184f348) Importer(815301076,1909f56bfc062723c751e8b465ee728b)  -> (artifact id: '894c294408ae64ed2ae09ba2bfccec97') in 0.021081 seconds 
========================================================================
Received Import Request.
  Time since last request: 0.000304 seconds.
  path: Packages/com.unity.2d.animation/Editor/Assets/SkinningModule/Icons/Light/Weight_Slider@3x.png
  artifactKey: Guid(ec8214d7d416a8746bb342b71e8e4269) Importer(815301076,1909f56bfc062723c751e8b465ee728b)
Start importing Packages/com.unity.2d.animation/Editor/Assets/SkinningModule/Icons/Light/Weight_Slider@3x.png using Guid(ec8214d7d416a8746bb342b71e8e4269) Importer(815301076,1909f56bfc062723c751e8b465ee728b)  -> (artifact id: '4a6af0d43b87309724bf6a54158dabe6') in 0.019708 seconds 
========================================================================
Received Import Request.
  Time since last request: 0.000320 seconds.
  path: Packages/com.unity.2d.animation/Editor/Assets/SkinningModule/Icons/Selected/Weight_Slider@2x.png
  artifactKey: Guid(7f64a6e091143c0458506b559165cf72) Importer(815301076,1909f56bfc062723c751e8b465ee728b)
Start importing Packages/com.unity.2d.animation/Editor/Assets/SkinningModule/Icons/Selected/Weight_Slider@2x.png using Guid(7f64a6e091143c0458506b559165cf72) Importer(815301076,1909f56bfc062723c751e8b465ee728b)  -> (artifact id: 'cf24168c1d2894520c37d013e8305441') in 0.019529 seconds 
========================================================================
Received Import Request.
  Time since last request: 0.000318 seconds.
  path: Packages/com.unity.2d.animation/Editor/Assets/SkinningModule/Icons/Selected/Weight_Brush@3x.png
  artifactKey: Guid(3e6e6fbbd946d0541923f45f4eaa2cf1) Importer(815301076,1909f56bfc062723c751e8b465ee728b)
Start importing Packages/com.unity.2d.animation/Editor/Assets/SkinningModule/Icons/Selected/Weight_Brush@3x.png using Guid(3e6e6fbbd946d0541923f45f4eaa2cf1) Importer(815301076,1909f56bfc062723c751e8b465ee728b)  -> (artifact id: '610849549e00b77f3c528094aeeb0396') in 0.019696 seconds 
========================================================================
Received Import Request.
  Time since last request: 0.708291 seconds.
  path: Packages/com.unity.2d.animation/Editor/Assets/SkinningModule/Icons/Selected/Weight_Brush@2x.png
  artifactKey: Guid(bb668641abe10a64891e26613cf530ee) Importer(815301076,1909f56bfc062723c751e8b465ee728b)
Start importing Packages/com.unity.2d.animation/Editor/Assets/SkinningModule/Icons/Selected/Weight_Brush@2x.png using Guid(bb668641abe10a64891e26613cf530ee) Importer(815301076,1909f56bfc062723c751e8b465ee728b)  -> (artifact id: '813b44a4d1889adcedc9e747115d4f60') in 0.028534 seconds 
========================================================================
Received Import Request.
  Time since last request: 0.000388 seconds.
  path: Packages/com.unity.2d.animation/Editor/Assets/SkinningModule/Icons/Light/Weight_Brush@2x.png
  artifactKey: Guid(17d3bf7425a0748489ce3633e38652db) Importer(815301076,1909f56bfc062723c751e8b465ee728b)
Start importing Packages/com.unity.2d.animation/Editor/Assets/SkinningModule/Icons/Light/Weight_Brush@2x.png using Guid(17d3bf7425a0748489ce3633e38652db) Importer(815301076,1909f56bfc062723c751e8b465ee728b)  -> (artifact id: 'de0a19ff71f0856c7189726d4bb4b4fd') in 0.022191 seconds 
========================================================================
Received Import Request.
  Time since last request: 0.297688 seconds.
  path: Packages/com.unity.2d.animation/Editor/Assets/SkinningModule/Icons/Light/Weight_Brush.png
  artifactKey: Guid(9d026c034cfd40746a436496efe2dd7f) Importer(815301076,1909f56bfc062723c751e8b465ee728b)
Start importing Packages/com.unity.2d.animation/Editor/Assets/SkinningModule/Icons/Light/Weight_Brush.png using Guid(9d026c034cfd40746a436496efe2dd7f) Importer(815301076,1909f56bfc062723c751e8b465ee728b)  -> (artifact id: 'd35b3c7f31357e385e77203c5778f133') in 0.028697 seconds 
========================================================================
Received Import Request.
  Time since last request: 0.404504 seconds.
  path: Packages/com.unity.2d.animation/Editor/Assets/SkinningModule/Icons/Light/Visibility_Tool@2x.png
  artifactKey: Guid(45c995b76b893fd4b9e8d3e0f9f6463b) Importer(815301076,1909f56bfc062723c751e8b465ee728b)
Start importing Packages/com.unity.2d.animation/Editor/Assets/SkinningModule/Icons/Light/Visibility_Tool@2x.png using Guid(45c995b76b893fd4b9e8d3e0f9f6463b) Importer(815301076,1909f56bfc062723c751e8b465ee728b)  -> (artifact id: 'a70f48e32f4a44fbca7cb458c61bec88') in 0.024754 seconds 
========================================================================
Received Import Request.
  Time since last request: 0.000455 seconds.
  path: Packages/com.unity.2d.animation/Editor/Assets/SkinningModule/Icons/Selected/Visibility_Tool@2x.png
  artifactKey: Guid(ef9977ed07c438845a52c577f4ffcc3a) Importer(815301076,1909f56bfc062723c751e8b465ee728b)
Start importing Packages/com.unity.2d.animation/Editor/Assets/SkinningModule/Icons/Selected/Visibility_Tool@2x.png using Guid(ef9977ed07c438845a52c577f4ffcc3a) Importer(815301076,1909f56bfc062723c751e8b465ee728b)  -> (artifact id: 'd9f0fd3fe082c260dff280541aa8efb8') in 0.022265 seconds 
========================================================================
Received Import Request.
  Time since last request: 0.000422 seconds.
  path: Packages/com.unity.2d.animation/Editor/Assets/SkinningModule/Icons/Selected/Visibility_Tool@4x.png
  artifactKey: Guid(f082e69f825d0aa44b687e592731c0a8) Importer(815301076,1909f56bfc062723c751e8b465ee728b)
Start importing Packages/com.unity.2d.animation/Editor/Assets/SkinningModule/Icons/Selected/Visibility_Tool@4x.png using Guid(f082e69f825d0aa44b687e592731c0a8) Importer(815301076,1909f56bfc062723c751e8b465ee728b)  -> (artifact id: '9bac268b2d20ced3f2edfa78d9c41144') in 0.022575 seconds 
========================================================================
Received Import Request.
  Time since last request: 0.000272 seconds.
  path: Packages/com.unity.2d.animation/Editor/Assets/SkinningModule/Icons/Light/Visibility_Tool@4x.png
  artifactKey: Guid(216c53aef79eaaf40a1800cc5e542dc3) Importer(815301076,1909f56bfc062723c751e8b465ee728b)
Start importing Packages/com.unity.2d.animation/Editor/Assets/SkinningModule/Icons/Light/Visibility_Tool@4x.png using Guid(216c53aef79eaaf40a1800cc5e542dc3) Importer(815301076,1909f56bfc062723c751e8b465ee728b)  -> (artifact id: '4c637850d54a6d2c76b2e03bfd5df322') in 0.021453 seconds 
========================================================================
Received Import Request.
  Time since last request: 0.000325 seconds.
  path: Packages/com.unity.2d.animation/Editor/Assets/SkinningModule/Icons/Selected/Weight_Brush.png
  artifactKey: Guid(bf734b7184825b040837040cb93a8dc7) Importer(815301076,1909f56bfc062723c751e8b465ee728b)
Start importing Packages/com.unity.2d.animation/Editor/Assets/SkinningModule/Icons/Selected/Weight_Brush.png using Guid(bf734b7184825b040837040cb93a8dc7) Importer(815301076,1909f56bfc062723c751e8b465ee728b)  -> (artifact id: '45754fc28a629521a0bf9d3f4d5ead6f') in 0.020460 seconds 
========================================================================
Received Import Request.
  Time since last request: 0.000393 seconds.
  path: Packages/com.unity.2d.animation/Editor/Assets/SkinningModule/Icons/Light/Visibility_Tool@3x.png
  artifactKey: Guid(ec23e33668eecff4aaec16f735dcc204) Importer(815301076,1909f56bfc062723c751e8b465ee728b)
Start importing Packages/com.unity.2d.animation/Editor/Assets/SkinningModule/Icons/Light/Visibility_Tool@3x.png using Guid(ec23e33668eecff4aaec16f735dcc204) Importer(815301076,1909f56bfc062723c751e8b465ee728b)  -> (artifact id: '3da4c74739ec6d461db5bad1636fa42d') in 0.020919 seconds 
========================================================================
Received Import Request.
  Time since last request: 0.000344 seconds.
  path: Packages/com.unity.2d.animation/Editor/Assets/SkinningModule/Icons/Selected/Visibility_Tool@3x.png
  artifactKey: Guid(8004118ba4145a74e823fedaa37acf3a) Importer(815301076,1909f56bfc062723c751e8b465ee728b)
Start importing Packages/com.unity.2d.animation/Editor/Assets/SkinningModule/Icons/Selected/Visibility_Tool@3x.png using Guid(8004118ba4145a74e823fedaa37acf3a) Importer(815301076,1909f56bfc062723c751e8b465ee728b)  -> (artifact id: '33fb17dd446d9333e192616f0501fe75') in 0.019891 seconds 
========================================================================
Received Import Request.
  Time since last request: 24.091398 seconds.
  path: Assets/Graohics/WhiteSquare.png
  artifactKey: Guid(1415cbcf862b4fa43b57e20482bafe99) Importer(815301076,1909f56bfc062723c751e8b465ee728b)
Start importing Assets/Graohics/WhiteSquare.png using Guid(1415cbcf862b4fa43b57e20482bafe99) Importer(815301076,1909f56bfc062723c751e8b465ee728b)  -> (artifact id: 'f9686e3c4231459d5e15c1f1752f3c7e') in 0.022613 seconds 
========================================================================
Received Import Request.
  Time since last request: 168.633323 seconds.
  path: Assets/Graohics/WhiteSquare.png
  artifactKey: Guid(1415cbcf862b4fa43b57e20482bafe99) Importer(815301076,1909f56bfc062723c751e8b465ee728b)
Start importing Assets/Graohics/WhiteSquare.png using Guid(1415cbcf862b4fa43b57e20482bafe99) Importer(815301076,1909f56bfc062723c751e8b465ee728b)  -> (artifact id: '1f3db8022cf867b5e40df08efd14694e') in 0.021893 seconds 
========================================================================
Received Import Request.
  Time since last request: 60.460142 seconds.
  path: Assets/Graohics/WhiteSquare.png
  artifactKey: Guid(1415cbcf862b4fa43b57e20482bafe99) Importer(815301076,1909f56bfc062723c751e8b465ee728b)
Start importing Assets/Graohics/WhiteSquare.png using Guid(1415cbcf862b4fa43b57e20482bafe99) Importer(815301076,1909f56bfc062723c751e8b465ee728b)  -> (artifact id: 'd90ab69a948fbfcbacbd2305e32aeac1') in 0.029585 seconds 
========================================================================
Received Import Request.
  Time since last request: 12.797507 seconds.
  path: Packages/com.unity.2d.animation/Editor/Assets/SkinningModule/Icons/Light/Sprite_Mode@2x.png
  artifactKey: Guid(cfe99a1afb609b4488d6fc9224a62f74) Importer(815301076,1909f56bfc062723c751e8b465ee728b)
Start importing Packages/com.unity.2d.animation/Editor/Assets/SkinningModule/Icons/Light/Sprite_Mode@2x.png using Guid(cfe99a1afb609b4488d6fc9224a62f74) Importer(815301076,1909f56bfc062723c751e8b465ee728b)  -> (artifact id: '19d0ca2c5a6e3d7d330e258e64957edc') in 0.028250 seconds 
========================================================================
Received Import Request.
  Time since last request: 0.000426 seconds.
  path: Packages/com.unity.2d.animation/Editor/Assets/SkinningModule/Icons/Light/Visibility_Hidded@3x.png
  artifactKey: Guid(89930da27dfbbc64ba1f3baf0ae416bb) Importer(815301076,1909f56bfc062723c751e8b465ee728b)
Start importing Packages/com.unity.2d.animation/Editor/Assets/SkinningModule/Icons/Light/Visibility_Hidded@3x.png using Guid(89930da27dfbbc64ba1f3baf0ae416bb) Importer(815301076,1909f56bfc062723c751e8b465ee728b)  -> (artifact id: '9644240a37effcbeebac9b7867d93635') in 0.025817 seconds 
========================================================================
Received Import Request.
  Time since last request: 0.000272 seconds.
  path: Packages/com.unity.2d.animation/Editor/Assets/SkinningModule/Icons/Selected/Sprite_Mode@3x.png
  artifactKey: Guid(ea833d779996e3244b3b567764be9cf0) Importer(815301076,1909f56bfc062723c751e8b465ee728b)
Start importing Packages/com.unity.2d.animation/Editor/Assets/SkinningModule/Icons/Selected/Sprite_Mode@3x.png using Guid(ea833d779996e3244b3b567764be9cf0) Importer(815301076,1909f56bfc062723c751e8b465ee728b)  -> (artifact id: '53e1cd63a830a28f96bed9a024da8248') in 0.024270 seconds 
========================================================================
Received Import Request.
  Time since last request: 0.000505 seconds.
  path: Packages/com.unity.2d.animation/Editor/Assets/SkinningModule/Icons/Light/Visibility_Hidded.png
  artifactKey: Guid(a20f7223e2252fc4d813fc92d0f3a614) Importer(815301076,1909f56bfc062723c751e8b465ee728b)
Start importing Packages/com.unity.2d.animation/Editor/Assets/SkinningModule/Icons/Light/Visibility_Hidded.png using Guid(a20f7223e2252fc4d813fc92d0f3a614) Importer(815301076,1909f56bfc062723c751e8b465ee728b)  -> (artifact id: '0b62fe57c8745091a563737ce2fd73fc') in 0.026664 seconds 
========================================================================
Received Import Request.
  Time since last request: 0.000289 seconds.
  path: Packages/com.unity.2d.path/Editor/Handles/TangentContinuousPro.png
  artifactKey: Guid(8d4a2ded892e27742bb6d4d263639dff) Importer(815301076,1909f56bfc062723c751e8b465ee728b)
Start importing Packages/com.unity.2d.path/Editor/Handles/TangentContinuousPro.png using Guid(8d4a2ded892e27742bb6d4d263639dff) Importer(815301076,1909f56bfc062723c751e8b465ee728b)  -> (artifact id: '95bd0929b72751c0189c481920bf2500') in 0.024588 seconds 
========================================================================
Received Import Request.
  Time since last request: 0.000304 seconds.
  path: Packages/com.unity.2d.animation/Editor/Assets/SkinningModule/Icons/Light/Visibility_Hidded@2x.png
  artifactKey: Guid(f3940f64802892746b2ec336d3b0c5f4) Importer(815301076,1909f56bfc062723c751e8b465ee728b)
Start importing Packages/com.unity.2d.animation/Editor/Assets/SkinningModule/Icons/Light/Visibility_Hidded@2x.png using Guid(f3940f64802892746b2ec336d3b0c5f4) Importer(815301076,1909f56bfc062723c751e8b465ee728b)  -> (artifact id: 'ec2652935f2412da3a390a28d9c25304') in 0.027843 seconds 
========================================================================
Received Import Request.
  Time since last request: 0.000305 seconds.
  path: Packages/com.unity.2d.path/Editor/Handles/TangentLinearPro.png
  artifactKey: Guid(cafc16189f045f445bad6f5eb9e13541) Importer(815301076,1909f56bfc062723c751e8b465ee728b)
Start importing Packages/com.unity.2d.path/Editor/Handles/TangentLinearPro.png using Guid(cafc16189f045f445bad6f5eb9e13541) Importer(815301076,1909f56bfc062723c751e8b465ee728b)  -> (artifact id: 'c3dd529bf363e1ff266480ec48d7dba3') in 0.027128 seconds 
========================================================================
Received Import Request.
  Time since last request: 0.000264 seconds.
  path: Packages/com.unity.2d.animation/Editor/Assets/SkinningModule/Icons/Light/Sprite_Mode@3x.png
  artifactKey: Guid(71d8b2e508f1d9947ba51013600a5eac) Importer(815301076,1909f56bfc062723c751e8b465ee728b)
Start importing Packages/com.unity.2d.animation/Editor/Assets/SkinningModule/Icons/Light/Sprite_Mode@3x.png using Guid(71d8b2e508f1d9947ba51013600a5eac) Importer(815301076,1909f56bfc062723c751e8b465ee728b)  -> (artifact id: '62c8a7248b7ca011799e22c76f2d8db4') in 0.024867 seconds 
========================================================================
Received Import Request.
  Time since last request: 0.000325 seconds.
  path: Packages/com.unity.2d.animation/Editor/Assets/SkinningModule/Icons/Light/Visibility_Tool.png
  artifactKey: Guid(1e7c59239d2a59140b34f39ea6d4d44c) Importer(815301076,1909f56bfc062723c751e8b465ee728b)
Start importing Packages/com.unity.2d.animation/Editor/Assets/SkinningModule/Icons/Light/Visibility_Tool.png using Guid(1e7c59239d2a59140b34f39ea6d4d44c) Importer(815301076,1909f56bfc062723c751e8b465ee728b)  -> (artifact id: 'dc7b96b13037a66da0c48d4c1ce7350f') in 0.029172 seconds 
========================================================================
Received Import Request.
  Time since last request: 0.000335 seconds.
  path: Packages/com.unity.2d.animation/Editor/Assets/SkinningModule/Icons/Selected/Visibility_Tool.png
  artifactKey: Guid(7342ee656932e31489ea62e64e012645) Importer(815301076,1909f56bfc062723c751e8b465ee728b)
Start importing Packages/com.unity.2d.animation/Editor/Assets/SkinningModule/Icons/Selected/Visibility_Tool.png using Guid(7342ee656932e31489ea62e64e012645) Importer(815301076,1909f56bfc062723c751e8b465ee728b)  -> (artifact id: '4eac11c00515b52b4d910be48d8fde66') in 0.026492 seconds 
========================================================================
Received Import Request.
  Time since last request: 0.000301 seconds.
  path: Packages/com.unity.2d.path/Editor/Handles/TangentLinear.png
  artifactKey: Guid(a728d9332cba5f448a36350199dc573b) Importer(815301076,1909f56bfc062723c751e8b465ee728b)
Start importing Packages/com.unity.2d.path/Editor/Handles/TangentLinear.png using Guid(a728d9332cba5f448a36350199dc573b) Importer(815301076,1909f56bfc062723c751e8b465ee728b)  -> (artifact id: '4967b116cd035a03d215e3bf0711746d') in 0.025621 seconds 
========================================================================
Received Import Request.
  Time since last request: 0.000295 seconds.
  path: Packages/com.unity.2d.animation/Editor/Assets/SkinningModule/Icons/Light/Visibility_Hidded@4x.png
  artifactKey: Guid(f469f8253737d534ca7809ae6f0d2422) Importer(815301076,1909f56bfc062723c751e8b465ee728b)
Start importing Packages/com.unity.2d.animation/Editor/Assets/SkinningModule/Icons/Light/Visibility_Hidded@4x.png using Guid(f469f8253737d534ca7809ae6f0d2422) Importer(815301076,1909f56bfc062723c751e8b465ee728b)  -> (artifact id: '7ac58f48bc48204c09d4106a8ea262fb') in 0.027376 seconds 
========================================================================
Received Import Request.
  Time since last request: 0.000285 seconds.
  path: Packages/com.unity.2d.animation/Editor/Assets/SkinningModule/Icons/Selected/Sprite_Mode@2x.png
  artifactKey: Guid(ff2aa9ebc8aee604caa5f8459ac4ae43) Importer(815301076,1909f56bfc062723c751e8b465ee728b)
Start importing Packages/com.unity.2d.animation/Editor/Assets/SkinningModule/Icons/Selected/Sprite_Mode@2x.png using Guid(ff2aa9ebc8aee604caa5f8459ac4ae43) Importer(815301076,1909f56bfc062723c751e8b465ee728b)  -> (artifact id: 'db7dc29b17d707ee2720abc45f6af0af') in 0.024617 seconds 
========================================================================
Received Import Request.
  Time since last request: 3.723579 seconds.
  path: Assets/Prefabs/Entity.prefab
  artifactKey: Guid(7b11b8556534ed54396728c07a0ef579) Importer(815301076,1909f56bfc062723c751e8b465ee728b)
Start importing Assets/Prefabs/Entity.prefab using Guid(7b11b8556534ed54396728c07a0ef579) Importer(815301076,1909f56bfc062723c751e8b465ee728b)  -> (artifact id: 'bba214e6d9717b492a56d0bfc9f37c0f') in 0.043175 seconds 
========================================================================
Received Import Request.
  Time since last request: 23.498266 seconds.
  path: Assets/Prefabs/Entity.prefab
  artifactKey: Guid(7b11b8556534ed54396728c07a0ef579) Importer(815301076,1909f56bfc062723c751e8b465ee728b)
Start importing Assets/Prefabs/Entity.prefab using Guid(7b11b8556534ed54396728c07a0ef579) Importer(815301076,1909f56bfc062723c751e8b465ee728b)  -> (artifact id: 'c94041d6bfe29026836e058bd6d89173') in 0.018281 seconds 
========================================================================
Received Import Request.
  Time since last request: 5.465100 seconds.
  path: Assets/Prefabs/Entity.prefab
  artifactKey: Guid(7b11b8556534ed54396728c07a0ef579) Importer(815301076,1909f56bfc062723c751e8b465ee728b)
Start importing Assets/Prefabs/Entity.prefab using Guid(7b11b8556534ed54396728c07a0ef579) Importer(815301076,1909f56bfc062723c751e8b465ee728b)  -> (artifact id: '07393e15541ae3f95fd2c8e68c2946b9') in 0.014653 seconds 
========================================================================
Received Import Request.
  Time since last request: 6.534674 seconds.
  path: Assets/Prefabs/Entity.prefab
  artifactKey: Guid(7b11b8556534ed54396728c07a0ef579) Importer(815301076,1909f56bfc062723c751e8b465ee728b)
Start importing Assets/Prefabs/Entity.prefab using Guid(7b11b8556534ed54396728c07a0ef579) Importer(815301076,1909f56bfc062723c751e8b465ee728b)  -> (artifact id: '2d240211aadd7b49aeb736d6f641d2d2') in 0.012313 seconds 
========================================================================
Received Import Request.
  Time since last request: 3.822726 seconds.
  path: Assets/Prefabs/Entity.prefab
  artifactKey: Guid(7b11b8556534ed54396728c07a0ef579) Importer(815301076,1909f56bfc062723c751e8b465ee728b)
Start importing Assets/Prefabs/Entity.prefab using Guid(7b11b8556534ed54396728c07a0ef579) Importer(815301076,1909f56bfc062723c751e8b465ee728b)  -> (artifact id: 'cdfc42ed481872f06beeb80d6f4b8d4b') in 0.013237 seconds 
========================================================================
Received Import Request.
  Time since last request: 0.220861 seconds.
  path: Assets/Prefabs/Entity.prefab
  artifactKey: Guid(7b11b8556534ed54396728c07a0ef579) Importer(815301076,1909f56bfc062723c751e8b465ee728b)
Start importing Assets/Prefabs/Entity.prefab using Guid(7b11b8556534ed54396728c07a0ef579) Importer(815301076,1909f56bfc062723c751e8b465ee728b)  -> (artifact id: '16593f73d5b6f635f2d259b2b7578abb') in 0.019345 seconds 
========================================================================
Received Import Request.
  Time since last request: 2.673475 seconds.
  path: Assets/Prefabs/Entity.prefab
  artifactKey: Guid(7b11b8556534ed54396728c07a0ef579) Importer(815301076,1909f56bfc062723c751e8b465ee728b)
Start importing Assets/Prefabs/Entity.prefab using Guid(7b11b8556534ed54396728c07a0ef579) Importer(815301076,1909f56bfc062723c751e8b465ee728b)  -> (artifact id: '44691e4e93bb30caa314c2e8bdb9c898') in 0.012615 seconds 
========================================================================
Received Import Request.
  Time since last request: 4.636725 seconds.
  path: Assets/Prefabs/Entity.prefab
  artifactKey: Guid(7b11b8556534ed54396728c07a0ef579) Importer(815301076,1909f56bfc062723c751e8b465ee728b)
Start importing Assets/Prefabs/Entity.prefab using Guid(7b11b8556534ed54396728c07a0ef579) Importer(815301076,1909f56bfc062723c751e8b465ee728b)  -> (artifact id: '0f8bd568b0a70af9e5c3e05c29d59701') in 0.016189 seconds 
========================================================================
Received Import Request.
  Time since last request: 3.419362 seconds.
  path: Assets/Prefabs/Entity.prefab
  artifactKey: Guid(7b11b8556534ed54396728c07a0ef579) Importer(815301076,1909f56bfc062723c751e8b465ee728b)
Start importing Assets/Prefabs/Entity.prefab using Guid(7b11b8556534ed54396728c07a0ef579) Importer(815301076,1909f56bfc062723c751e8b465ee728b)  -> (artifact id: '5446aa7aac9b248aa1ac03f02d395d78') in 0.014723 seconds 
========================================================================
Received Import Request.
  Time since last request: 23.133921 seconds.
  path: Assets/Prefabs/Entity.prefab
  artifactKey: Guid(7b11b8556534ed54396728c07a0ef579) Importer(815301076,1909f56bfc062723c751e8b465ee728b)
Start importing Assets/Prefabs/Entity.prefab using Guid(7b11b8556534ed54396728c07a0ef579) Importer(815301076,1909f56bfc062723c751e8b465ee728b)  -> (artifact id: '8b05bcfc839892031bf22a05cf9a6b21') in 0.021278 seconds 
========================================================================
Received Import Request.
  Time since last request: 4.993221 seconds.
  path: Assets/Prefabs/Entity.prefab
  artifactKey: Guid(7b11b8556534ed54396728c07a0ef579) Importer(815301076,1909f56bfc062723c751e8b465ee728b)
Start importing Assets/Prefabs/Entity.prefab using Guid(7b11b8556534ed54396728c07a0ef579) Importer(815301076,1909f56bfc062723c751e8b465ee728b)  -> (artifact id: '763dcfba0103013e911dab29e6627489') in 0.012932 seconds 
========================================================================
Received Import Request.
  Time since last request: 14.146016 seconds.
  path: Assets/Prefabs/Entity.prefab
  artifactKey: Guid(7b11b8556534ed54396728c07a0ef579) Importer(815301076,1909f56bfc062723c751e8b465ee728b)
Start importing Assets/Prefabs/Entity.prefab using Guid(7b11b8556534ed54396728c07a0ef579) Importer(815301076,1909f56bfc062723c751e8b465ee728b)  -> (artifact id: 'aabd569f5e9cb49558bbecbe217a9440') in 0.016024 seconds 
========================================================================
Received Import Request.
  Time since last request: 34.687081 seconds.
  path: Assets/Prefabs/Entity.prefab
  artifactKey: Guid(7b11b8556534ed54396728c07a0ef579) Importer(815301076,1909f56bfc062723c751e8b465ee728b)
Start importing Assets/Prefabs/Entity.prefab using Guid(7b11b8556534ed54396728c07a0ef579) Importer(815301076,1909f56bfc062723c751e8b465ee728b)  -> (artifact id: '4b068678b4e85c471ed648c596a8c401') in 0.011488 seconds 
========================================================================
Received Import Request.
  Time since last request: 2.533721 seconds.
  path: Assets/Prefabs/Entity.prefab
  artifactKey: Guid(7b11b8556534ed54396728c07a0ef579) Importer(815301076,1909f56bfc062723c751e8b465ee728b)
Start importing Assets/Prefabs/Entity.prefab using Guid(7b11b8556534ed54396728c07a0ef579) Importer(815301076,1909f56bfc062723c751e8b465ee728b)  -> (artifact id: '968df03e45200555c2b6df074e9f9ecf') in 0.024008 seconds 
========================================================================
Received Import Request.
  Time since last request: 47.184356 seconds.
  path: Assets/Prefabs/Entity.prefab
  artifactKey: Guid(7b11b8556534ed54396728c07a0ef579) Importer(815301076,1909f56bfc062723c751e8b465ee728b)
Start importing Assets/Prefabs/Entity.prefab using Guid(7b11b8556534ed54396728c07a0ef579) Importer(815301076,1909f56bfc062723c751e8b465ee728b)  -> (artifact id: 'd9910e65c80306b15fe10174dc78d80c') in 0.012024 seconds 
========================================================================
Received Import Request.
  Time since last request: 8.047734 seconds.
  path: Assets/Prefabs/Entity.prefab
  artifactKey: Guid(7b11b8556534ed54396728c07a0ef579) Importer(815301076,1909f56bfc062723c751e8b465ee728b)
Start importing Assets/Prefabs/Entity.prefab using Guid(7b11b8556534ed54396728c07a0ef579) Importer(815301076,1909f56bfc062723c751e8b465ee728b)  -> (artifact id: '40bd8dfd44fe4ed9babb14cfae3f43de') in 0.013456 seconds 
========================================================================
Received Import Request.
  Time since last request: 1.860569 seconds.
  path: Assets/Prefabs/Entity.prefab
  artifactKey: Guid(7b11b8556534ed54396728c07a0ef579) Importer(815301076,1909f56bfc062723c751e8b465ee728b)
Start importing Assets/Prefabs/Entity.prefab using Guid(7b11b8556534ed54396728c07a0ef579) Importer(815301076,1909f56bfc062723c751e8b465ee728b)  -> (artifact id: 'a66cb0fc2577cf0bf7414018a8298aff') in 0.012161 seconds 
========================================================================
Received Import Request.
  Time since last request: 3.809264 seconds.
  path: Assets/Prefabs/Entity.prefab
  artifactKey: Guid(7b11b8556534ed54396728c07a0ef579) Importer(815301076,1909f56bfc062723c751e8b465ee728b)
Start importing Assets/Prefabs/Entity.prefab using Guid(7b11b8556534ed54396728c07a0ef579) Importer(815301076,1909f56bfc062723c751e8b465ee728b)  -> (artifact id: '5d31e444c0905cac24276752e0d9068a') in 0.012594 seconds 
========================================================================
Received Import Request.
  Time since last request: 2.268433 seconds.
  path: Assets/Prefabs/Entity.prefab
  artifactKey: Guid(7b11b8556534ed54396728c07a0ef579) Importer(815301076,1909f56bfc062723c751e8b465ee728b)
Start importing Assets/Prefabs/Entity.prefab using Guid(7b11b8556534ed54396728c07a0ef579) Importer(815301076,1909f56bfc062723c751e8b465ee728b)  -> (artifact id: 'bf52ce3b7bed1733111c21c07801ee35') in 0.014868 seconds 
========================================================================
Received Import Request.
  Time since last request: 4.171090 seconds.
  path: Assets/Prefabs/Entity.prefab
  artifactKey: Guid(7b11b8556534ed54396728c07a0ef579) Importer(815301076,1909f56bfc062723c751e8b465ee728b)
Start importing Assets/Prefabs/Entity.prefab using Guid(7b11b8556534ed54396728c07a0ef579) Importer(815301076,1909f56bfc062723c751e8b465ee728b)  -> (artifact id: '9a38c6d2d1834b7674589af2b7be32ec') in 0.011544 seconds 
========================================================================
Received Import Request.
  Time since last request: 5.321113 seconds.
  path: Assets/Prefabs/Entity.prefab
  artifactKey: Guid(7b11b8556534ed54396728c07a0ef579) Importer(815301076,1909f56bfc062723c751e8b465ee728b)
Start importing Assets/Prefabs/Entity.prefab using Guid(7b11b8556534ed54396728c07a0ef579) Importer(815301076,1909f56bfc062723c751e8b465ee728b)  -> (artifact id: '4072d3e8762e8808c0776621f225046e') in 0.011813 seconds 
========================================================================
Received Import Request.
  Time since last request: 4.626046 seconds.
  path: Assets/Prefabs/Entity.prefab
  artifactKey: Guid(7b11b8556534ed54396728c07a0ef579) Importer(815301076,1909f56bfc062723c751e8b465ee728b)
Start importing Assets/Prefabs/Entity.prefab using Guid(7b11b8556534ed54396728c07a0ef579) Importer(815301076,1909f56bfc062723c751e8b465ee728b)  -> (artifact id: 'f39213018509e9dd22db17da4aa78d72') in 0.011053 seconds 
========================================================================
Received Import Request.
  Time since last request: 2.338383 seconds.
  path: Assets/Prefabs/Entity.prefab
  artifactKey: Guid(7b11b8556534ed54396728c07a0ef579) Importer(815301076,1909f56bfc062723c751e8b465ee728b)
Start importing Assets/Prefabs/Entity.prefab using Guid(7b11b8556534ed54396728c07a0ef579) Importer(815301076,1909f56bfc062723c751e8b465ee728b)  -> (artifact id: '683b2bd63c7d989cc696f11fc5b4be25') in 0.014640 seconds 
========================================================================
Received Import Request.
  Time since last request: 4.876151 seconds.
  path: Assets/Prefabs/Entity.prefab
  artifactKey: Guid(7b11b8556534ed54396728c07a0ef579) Importer(815301076,1909f56bfc062723c751e8b465ee728b)
Start importing Assets/Prefabs/Entity.prefab using Guid(7b11b8556534ed54396728c07a0ef579) Importer(815301076,1909f56bfc062723c751e8b465ee728b)  -> (artifact id: '130fc522ef4925b0d96bd58abff7745d') in 0.011102 seconds 
========================================================================
Received Import Request.
  Time since last request: 2.070045 seconds.
  path: Assets/Prefabs/Entity.prefab
  artifactKey: Guid(7b11b8556534ed54396728c07a0ef579) Importer(815301076,1909f56bfc062723c751e8b465ee728b)
Start importing Assets/Prefabs/Entity.prefab using Guid(7b11b8556534ed54396728c07a0ef579) Importer(815301076,1909f56bfc062723c751e8b465ee728b)  -> (artifact id: '34d3d5ac42cd213ff8b5a5419b8181f8') in 0.012098 seconds 
========================================================================
Received Import Request.
  Time since last request: 4.216992 seconds.
  path: Assets/Prefabs/Entity.prefab
  artifactKey: Guid(7b11b8556534ed54396728c07a0ef579) Importer(815301076,1909f56bfc062723c751e8b465ee728b)
Start importing Assets/Prefabs/Entity.prefab using Guid(7b11b8556534ed54396728c07a0ef579) Importer(815301076,1909f56bfc062723c751e8b465ee728b)  -> (artifact id: 'b0c75126d76ba2673824892285a6deba') in 0.012685 seconds 
========================================================================
Received Import Request.
  Time since last request: 23.688379 seconds.
  path: Assets/Prefabs/Entity.prefab
  artifactKey: Guid(7b11b8556534ed54396728c07a0ef579) Importer(815301076,1909f56bfc062723c751e8b465ee728b)
Start importing Assets/Prefabs/Entity.prefab using Guid(7b11b8556534ed54396728c07a0ef579) Importer(815301076,1909f56bfc062723c751e8b465ee728b)  -> (artifact id: '22b2e36ceb735f2c4dd428d5f51206a5') in 0.011473 seconds 
========================================================================
Received Import Request.
  Time since last request: 1.443920 seconds.
  path: Assets/Prefabs/Entity.prefab
  artifactKey: Guid(7b11b8556534ed54396728c07a0ef579) Importer(815301076,1909f56bfc062723c751e8b465ee728b)
Start importing Assets/Prefabs/Entity.prefab using Guid(7b11b8556534ed54396728c07a0ef579) Importer(815301076,1909f56bfc062723c751e8b465ee728b)  -> (artifact id: 'd384ea70e21f9dbdeb3f463190939ca9') in 0.011086 seconds 
========================================================================
Received Import Request.
  Time since last request: 3.909707 seconds.
  path: Assets/Prefabs/Entity.prefab
  artifactKey: Guid(7b11b8556534ed54396728c07a0ef579) Importer(815301076,1909f56bfc062723c751e8b465ee728b)
Start importing Assets/Prefabs/Entity.prefab using Guid(7b11b8556534ed54396728c07a0ef579) Importer(815301076,1909f56bfc062723c751e8b465ee728b)  -> (artifact id: 'aa3d5fe087239671ca47c2462d7f7482') in 0.014095 seconds 
========================================================================
Received Import Request.
  Time since last request: 1.032602 seconds.
  path: Assets/Prefabs/Entity.prefab
  artifactKey: Guid(7b11b8556534ed54396728c07a0ef579) Importer(815301076,1909f56bfc062723c751e8b465ee728b)
Start importing Assets/Prefabs/Entity.prefab using Guid(7b11b8556534ed54396728c07a0ef579) Importer(815301076,1909f56bfc062723c751e8b465ee728b)  -> (artifact id: '258b295333ce3707f8cf61d60602b8f6') in 0.013882 seconds 
========================================================================
Received Import Request.
  Time since last request: 112.544846 seconds.
  path: Assets/Graohics/WhiteSquare.png
  artifactKey: Guid(1415cbcf862b4fa43b57e20482bafe99) Importer(815301076,1909f56bfc062723c751e8b465ee728b)
Start importing Assets/Graohics/WhiteSquare.png using Guid(1415cbcf862b4fa43b57e20482bafe99) Importer(815301076,1909f56bfc062723c751e8b465ee728b)  -> (artifact id: '85b9668fbe8ec7c28ab1c6f09ea84fc2') in 0.013324 seconds 
========================================================================
Received Import Request.
  Time since last request: 10.289038 seconds.
  path: Assets/Graohics/WhiteSquare.png
  artifactKey: Guid(1415cbcf862b4fa43b57e20482bafe99) Importer(815301076,1909f56bfc062723c751e8b465ee728b)
Start importing Assets/Graohics/WhiteSquare.png using Guid(1415cbcf862b4fa43b57e20482bafe99) Importer(815301076,1909f56bfc062723c751e8b465ee728b)  -> (artifact id: 'dd980fc40b482b5c7cbdebffa4f6ba2e') in 0.014015 seconds 
========================================================================
Received Import Request.
  Time since last request: 73.790325 seconds.
  path: Assets/Prefabs/Cape.prefab
  artifactKey: Guid(7b11b8556534ed54396728c07a0ef579) Importer(815301076,1909f56bfc062723c751e8b465ee728b)
Start importing Assets/Prefabs/Cape.prefab using Guid(7b11b8556534ed54396728c07a0ef579) Importer(815301076,1909f56bfc062723c751e8b465ee728b)  -> (artifact id: 'fb4f257cab176538a139eec74cffa69c') in 0.032221 seconds 
========================================================================
Received Import Request.
  Time since last request: 11.456051 seconds.
  path: Assets/Prefabs/Cape.prefab
  artifactKey: Guid(7b11b8556534ed54396728c07a0ef579) Importer(815301076,1909f56bfc062723c751e8b465ee728b)
Start importing Assets/Prefabs/Cape.prefab using Guid(7b11b8556534ed54396728c07a0ef579) Importer(815301076,1909f56bfc062723c751e8b465ee728b)  -> (artifact id: '2408b4e233708f84454a2364b75bf32a') in 0.040421 seconds 
========================================================================
Received Import Request.
  Time since last request: 73.577386 seconds.
  path: Assets/Prefabs/Character.prefab
  artifactKey: Guid(ef3e4c370e313114ab30fbbe5270c844) Importer(815301076,1909f56bfc062723c751e8b465ee728b)
Start importing Assets/Prefabs/Character.prefab using Guid(ef3e4c370e313114ab30fbbe5270c844) Importer(815301076,1909f56bfc062723c751e8b465ee728b)  -> (artifact id: 'a2634e65580a61817de07ddefdd5b10f') in 0.020401 seconds 
========================================================================
Received Prepare
Registering precompiled user dll's ...
Registered in 0.003523 seconds.
Begin MonoManager ReloadAssembly
Symbol file LoadedFromMemory doesn't match image E:\Unity\GitHub\FurryOctoTelegram\Library\PackageCache\com.unity.visualscripting@1.6.1\Editor\VisualScripting.Core\Dependencies\YamlDotNet\Unity.VisualScripting.YamlDotNet.dll
Symbol file LoadedFromMemory doesn't match image E:\Unity\GitHub\FurryOctoTelegram\Library\PackageCache\com.unity.visualscripting@1.6.1\Editor\VisualScripting.Core\Dependencies\DotNetZip\Unity.VisualScripting.IonicZip.dll
Native extension for WindowsStandalone target not found
Refreshing native plugins compatible for Editor in 0.97 ms, found 2 plugins.
Preloading 0 native plugins for Editor in 0.00 ms.
Mono: successfully reloaded assembly
- Completed reload, in  1.771 seconds
Platform modules already initialized, skipping
Refreshing native plugins compatible for Editor in 1.03 ms, found 2 plugins.
Preloading 0 native plugins for Editor in 0.00 ms.
Unloading 3416 Unused Serialized files (Serialized files now loaded: 0)
System memory in use before: 155.0 MB.
System memory in use after: 155.1 MB.

Unloading 16 unused Assets to reduce memory usage. Loaded Objects now: 4663.
Total: 6.816000 ms (FindLiveObjects: 0.832700 ms CreateObjectMapping: 0.362800 ms MarkObjects: 5.444300 ms  DeleteObjects: 0.174300 ms)

========================================================================
Received Import Request.
  Time since last request: 193.143534 seconds.
  path: Assets/Scripts/CharacterController.cs
  artifactKey: Guid(25ce82984b36a0a49a071883463c9b10) Importer(815301076,1909f56bfc062723c751e8b465ee728b)
Start importing Assets/Scripts/CharacterController.cs using Guid(25ce82984b36a0a49a071883463c9b10) Importer(815301076,1909f56bfc062723c751e8b465ee728b)  -> (artifact id: '03b394d19d3ba26e0e2986d868b7e286') in 0.023614 seconds 
========================================================================
Received Prepare
Registering precompiled user dll's ...
Registered in 0.003615 seconds.
Begin MonoManager ReloadAssembly
Symbol file LoadedFromMemory doesn't match image E:\Unity\GitHub\FurryOctoTelegram\Library\PackageCache\com.unity.visualscripting@1.6.1\Editor\VisualScripting.Core\Dependencies\YamlDotNet\Unity.VisualScripting.YamlDotNet.dll
Symbol file LoadedFromMemory doesn't match image E:\Unity\GitHub\FurryOctoTelegram\Library\PackageCache\com.unity.visualscripting@1.6.1\Editor\VisualScripting.Core\Dependencies\DotNetZip\Unity.VisualScripting.IonicZip.dll
Native extension for WindowsStandalone target not found
Refreshing native plugins compatible for Editor in 1.10 ms, found 2 plugins.
Preloading 0 native plugins for Editor in 0.00 ms.
Mono: successfully reloaded assembly
- Completed reload, in  1.710 seconds
Platform modules already initialized, skipping
Refreshing native plugins compatible for Editor in 0.99 ms, found 2 plugins.
Preloading 0 native plugins for Editor in 0.00 ms.
Unloading 3369 Unused Serialized files (Serialized files now loaded: 0)
System memory in use before: 153.0 MB.
System memory in use after: 153.1 MB.

Unloading 16 unused Assets to reduce memory usage. Loaded Objects now: 4667.
Total: 4.352700 ms (FindLiveObjects: 0.593400 ms CreateObjectMapping: 0.228800 ms MarkObjects: 3.371700 ms  DeleteObjects: 0.157200 ms)

========================================================================
Received Import Request.
  Time since last request: 661.661142 seconds.
  path: ProjectSettings/TagManager.asset
  artifactKey: Guid(00000000000000003000000000000000) Importer(815301076,1909f56bfc062723c751e8b465ee728b)
Start importing ProjectSettings/TagManager.asset using Guid(00000000000000003000000000000000) Importer(815301076,1909f56bfc062723c751e8b465ee728b)  -> (artifact id: '95df672b4aaba54310d34c83eef51bb8') in 0.037230 seconds 
AssetImportWorkerClient::OnTransportError - code=2 error=End of file
